
===========================================================================
 report_power
============================================================================
======================= Fastest Corner ===================================

Group                  Internal  Switching    Leakage      Total
                          Power      Power      Power      Power (Watts)
----------------------------------------------------------------
Sequential             1.08e-03   2.33e-04   8.19e-08   1.31e-03  36.5%
Combinational          1.01e-03   7.28e-04   6.38e-09   1.74e-03  48.6%
Clock                  2.16e-04   3.16e-04   3.53e-09   5.32e-04  14.9%
Macro                  0.00e+00   0.00e+00   0.00e+00   0.00e+00   0.0%
Pad                    0.00e+00   0.00e+00   0.00e+00   0.00e+00   0.0%
----------------------------------------------------------------
Total                  2.30e-03   1.28e-03   9.18e-08   3.58e-03 100.0%
                          64.3%      35.7%       0.0%

======================= Slowest Corner ===================================

Group                  Internal  Switching    Leakage      Total
                          Power      Power      Power      Power (Watts)
----------------------------------------------------------------
Sequential             7.37e-04   1.52e-04   2.26e-06   8.91e-04  36.3%
Combinational          7.25e-04   4.77e-04   3.40e-06   1.21e-03  49.1%
Clock                  1.56e-04   2.04e-04   2.82e-07   3.60e-04  14.7%
Macro                  0.00e+00   0.00e+00   0.00e+00   0.00e+00   0.0%
Pad                    0.00e+00   0.00e+00   0.00e+00   0.00e+00   0.0%
----------------------------------------------------------------
Total                  1.62e-03   8.33e-04   5.94e-06   2.46e-03 100.0%
                          65.8%      33.9%       0.2%

======================= Typical Corner ===================================

Group                  Internal  Switching    Leakage      Total
                          Power      Power      Power      Power (Watts)
----------------------------------------------------------------
Sequential             9.35e-04   1.95e-04   8.09e-08   1.13e-03  36.5%
Combinational          8.99e-04   6.11e-04   2.54e-09   1.51e-03  48.8%
Clock                  1.90e-04   2.66e-04   2.88e-09   4.56e-04  14.7%
Macro                  0.00e+00   0.00e+00   0.00e+00   0.00e+00   0.0%
Pad                    0.00e+00   0.00e+00   0.00e+00   0.00e+00   0.0%
----------------------------------------------------------------
Total                  2.02e-03   1.07e-03   8.64e-08   3.10e-03 100.0%
                          65.4%      34.6%       0.0%

