
===========================================================================
report_checks -unconstrained
===========================================================================
======================= Fastest Corner ===================================

Startpoint: reset_n (input port clocked by clk)
Endpoint: _0915_ (recovery check against rising-edge clock clk)
Path Group: asynchronous
Path Type: max
Corner: Fastest

Fanout     Cap    Slew   Delay    Time   Description
-----------------------------------------------------------------------------
                          0.00    0.00   clock clk (rise edge)
                          0.00    0.00   clock network delay (propagated)
                          2.00    2.00 ^ input external delay
     1    0.00    0.01    0.01    2.01 ^ reset_n (in)
                                         reset_n (net)
                  0.01    0.00    2.01 ^ input10/A (sky130_fd_sc_hd__clkbuf_1)
     1    0.00    0.03    0.05    2.06 ^ input10/X (sky130_fd_sc_hd__clkbuf_1)
                                         net10 (net)
                  0.03    0.00    2.06 ^ fanout36/A (sky130_fd_sc_hd__buf_2)
     7    0.04    0.16    0.17    2.22 ^ fanout36/X (sky130_fd_sc_hd__buf_2)
                                         net36 (net)
                  0.16    0.00    2.22 ^ fanout34/A (sky130_fd_sc_hd__clkbuf_4)
    10    0.05    0.11    0.19    2.41 ^ fanout34/X (sky130_fd_sc_hd__clkbuf_4)
                                         net34 (net)
                  0.11    0.00    2.41 ^ _0915_/RESET_B (sky130_fd_sc_hd__dfrtp_4)
                                  2.41   data arrival time

                         10.00   10.00   clock clk (rise edge)
                          0.00   10.00   clock source latency
     1    0.03    0.09    0.06   10.06 ^ clk (in)
                                         clk (net)
                  0.09    0.00   10.06 ^ clkbuf_0_clk/A (sky130_fd_sc_hd__clkbuf_16)
    16    0.12    0.10    0.15   10.21 ^ clkbuf_0_clk/X (sky130_fd_sc_hd__clkbuf_16)
                                         clknet_0_clk (net)
                  0.10    0.00   10.21 ^ clkbuf_4_11_0_clk/A (sky130_fd_sc_hd__clkbuf_8)
     7    0.04    0.06    0.12   10.33 ^ clkbuf_4_11_0_clk/X (sky130_fd_sc_hd__clkbuf_8)
                                         clknet_4_11_0_clk (net)
                  0.06    0.00   10.33 ^ _0915_/CLK (sky130_fd_sc_hd__dfrtp_4)
                         -0.25   10.08   clock uncertainty
                          0.00   10.08   clock reconvergence pessimism
                          0.11   10.19   library recovery time
                                 10.19   data required time
-----------------------------------------------------------------------------
                                 10.19   data required time
                                 -2.41   data arrival time
-----------------------------------------------------------------------------
                                  7.77   slack (MET)


Startpoint: _0923_ (rising edge-triggered flip-flop clocked by clk)
Endpoint: empty (output port clocked by clk)
Path Group: clk
Path Type: max
Corner: Fastest

Fanout     Cap    Slew   Delay    Time   Description
-----------------------------------------------------------------------------
                          0.00    0.00   clock clk (rise edge)
                          0.00    0.00   clock source latency
     1    0.03    0.09    0.07    0.07 ^ clk (in)
                                         clk (net)
                  0.09    0.00    0.07 ^ clkbuf_0_clk/A (sky130_fd_sc_hd__clkbuf_16)
    16    0.12    0.10    0.16    0.23 ^ clkbuf_0_clk/X (sky130_fd_sc_hd__clkbuf_16)
                                         clknet_0_clk (net)
                  0.10    0.00    0.23 ^ clkbuf_4_10_0_clk/A (sky130_fd_sc_hd__clkbuf_8)
     9    0.04    0.06    0.13    0.36 ^ clkbuf_4_10_0_clk/X (sky130_fd_sc_hd__clkbuf_8)
                                         clknet_4_10_0_clk (net)
                  0.06    0.00    0.37 ^ _0923_/CLK (sky130_fd_sc_hd__dfrtp_1)
     5    0.01    0.06    0.28    0.65 v _0923_/Q (sky130_fd_sc_hd__dfrtp_1)
                                         count[1] (net)
                  0.06    0.00    0.65 v _0452_/A (sky130_fd_sc_hd__or4_1)
     1    0.00    0.06    0.32    0.96 v _0452_/X (sky130_fd_sc_hd__or4_1)
                                         _0149_ (net)
                  0.06    0.00    0.96 v _0453_/A (sky130_fd_sc_hd__buf_2)
     6    0.03    0.06    0.13    1.09 v _0453_/X (sky130_fd_sc_hd__buf_2)
                                         _0150_ (net)
                  0.06    0.00    1.09 v _0454_/B (sky130_fd_sc_hd__nor2_1)
     1    0.00    0.06    0.08    1.17 ^ _0454_/Y (sky130_fd_sc_hd__nor2_1)
                                         net20 (net)
                  0.06    0.00    1.17 ^ output20/A (sky130_fd_sc_hd__buf_2)
     1    0.03    0.13    0.15    1.32 ^ output20/X (sky130_fd_sc_hd__buf_2)
                                         empty (net)
                  0.13    0.00    1.32 ^ empty (out)
                                  1.32   data arrival time

                         10.00   10.00   clock clk (rise edge)
                          0.00   10.00   clock network delay (propagated)
                         -0.25    9.75   clock uncertainty
                          0.00    9.75   clock reconvergence pessimism
                         -2.00    7.75   output external delay
                                  7.75   data required time
-----------------------------------------------------------------------------
                                  7.75   data required time
                                 -1.32   data arrival time
-----------------------------------------------------------------------------
                                  6.43   slack (MET)



======================= Slowest Corner ===================================

Startpoint: reset_n (input port clocked by clk)
Endpoint: _0915_ (recovery check against rising-edge clock clk)
Path Group: asynchronous
Path Type: max
Corner: Slowest

Fanout     Cap    Slew   Delay    Time   Description
-----------------------------------------------------------------------------
                          0.00    0.00   clock clk (rise edge)
                          0.00    0.00   clock network delay (propagated)
                          2.00    2.00 ^ input external delay
     1    0.00    0.03    0.02    2.02 ^ reset_n (in)
                                         reset_n (net)
                  0.03    0.00    2.02 ^ input10/A (sky130_fd_sc_hd__clkbuf_1)
     1    0.00    0.07    0.13    2.15 ^ input10/X (sky130_fd_sc_hd__clkbuf_1)
                                         net10 (net)
                  0.07    0.00    2.15 ^ fanout36/A (sky130_fd_sc_hd__buf_2)
     7    0.04    0.32    0.40    2.55 ^ fanout36/X (sky130_fd_sc_hd__buf_2)
                                         net36 (net)
                  0.32    0.00    2.55 ^ fanout34/A (sky130_fd_sc_hd__clkbuf_4)
    10    0.04    0.22    0.50    3.05 ^ fanout34/X (sky130_fd_sc_hd__clkbuf_4)
                                         net34 (net)
                  0.22    0.00    3.05 ^ _0915_/RESET_B (sky130_fd_sc_hd__dfrtp_4)
                                  3.05   data arrival time

                         10.00   10.00   clock clk (rise edge)
                          0.00   10.00   clock source latency
     1    0.03    0.20    0.13   10.13 ^ clk (in)
                                         clk (net)
                  0.20    0.00   10.13 ^ clkbuf_0_clk/A (sky130_fd_sc_hd__clkbuf_16)
    16    0.11    0.20    0.37   10.50 ^ clkbuf_0_clk/X (sky130_fd_sc_hd__clkbuf_16)
                                         clknet_0_clk (net)
                  0.20    0.00   10.50 ^ clkbuf_4_11_0_clk/A (sky130_fd_sc_hd__clkbuf_8)
     7    0.03    0.12    0.31   10.81 ^ clkbuf_4_11_0_clk/X (sky130_fd_sc_hd__clkbuf_8)
                                         clknet_4_11_0_clk (net)
                  0.12    0.00   10.81 ^ _0915_/CLK (sky130_fd_sc_hd__dfrtp_4)
                         -0.25   10.56   clock uncertainty
                          0.00   10.56   clock reconvergence pessimism
                          0.39   10.95   library recovery time
                                 10.95   data required time
-----------------------------------------------------------------------------
                                 10.95   data required time
                                 -3.05   data arrival time
-----------------------------------------------------------------------------
                                  7.90   slack (MET)


Startpoint: _0920_ (rising edge-triggered flip-flop clocked by clk)
Endpoint: _0913_ (rising edge-triggered flip-flop clocked by clk)
Path Group: clk
Path Type: max
Corner: Slowest

Fanout     Cap    Slew   Delay    Time   Description
-----------------------------------------------------------------------------
                          0.00    0.00   clock clk (rise edge)
                          0.00    0.00   clock source latency
     1    0.03    0.20    0.14    0.14 ^ clk (in)
                                         clk (net)
                  0.20    0.00    0.14 ^ clkbuf_0_clk/A (sky130_fd_sc_hd__clkbuf_16)
    16    0.11    0.20    0.41    0.55 ^ clkbuf_0_clk/X (sky130_fd_sc_hd__clkbuf_16)
                                         clknet_0_clk (net)
                  0.20    0.00    0.55 ^ clkbuf_4_10_0_clk/A (sky130_fd_sc_hd__clkbuf_8)
     9    0.04    0.13    0.35    0.90 ^ clkbuf_4_10_0_clk/X (sky130_fd_sc_hd__clkbuf_8)
                                         clknet_4_10_0_clk (net)
                  0.13    0.00    0.90 ^ _0920_/CLK (sky130_fd_sc_hd__dfrtp_4)
    10    0.03    0.18    1.16    2.07 v _0920_/Q (sky130_fd_sc_hd__dfrtp_4)
                                         rd_ptr[2] (net)
                  0.18    0.00    2.07 v _0459_/A (sky130_fd_sc_hd__clkbuf_4)
    10    0.03    0.13    0.39    2.46 v _0459_/X (sky130_fd_sc_hd__clkbuf_4)
                                         _0154_ (net)
                  0.13    0.00    2.46 v _0479_/C (sky130_fd_sc_hd__and4b_4)
     8    0.06    0.18    0.53    2.99 v _0479_/X (sky130_fd_sc_hd__and4b_4)
                                         _0174_ (net)
                  0.18    0.00    2.99 v _0562_/A2 (sky130_fd_sc_hd__a22o_1)
     1    0.00    0.08    0.49    3.47 v _0562_/X (sky130_fd_sc_hd__a22o_1)
                                         _0250_ (net)
                  0.08    0.00    3.47 v _0563_/C1 (sky130_fd_sc_hd__a221o_1)
     1    0.00    0.09    0.52    3.99 v _0563_/X (sky130_fd_sc_hd__a221o_1)
                                         _0251_ (net)
                  0.09    0.00    3.99 v _0568_/A (sky130_fd_sc_hd__or3_1)
     1    0.01    0.17    0.94    4.93 v _0568_/X (sky130_fd_sc_hd__or3_1)
                                         _0256_ (net)
                  0.17    0.00    4.93 v _0569_/B2 (sky130_fd_sc_hd__o221a_1)
     1    0.01    0.12    0.50    5.43 v _0569_/X (sky130_fd_sc_hd__o221a_1)
                                         _0257_ (net)
                  0.12    0.00    5.43 v _0570_/B1 (sky130_fd_sc_hd__a21o_1)
     1    0.00    0.05    0.30    5.73 v _0570_/X (sky130_fd_sc_hd__a21o_1)
                                         _0007_ (net)
                  0.05    0.00    5.73 v hold6/A (sky130_fd_sc_hd__dlygate4sd3_1)
     1    0.00    0.10    1.16    6.89 v hold6/X (sky130_fd_sc_hd__dlygate4sd3_1)
                                         net42 (net)
                  0.10    0.00    6.89 v _0913_/D (sky130_fd_sc_hd__dfrtp_1)
                                  6.89   data arrival time

                         10.00   10.00   clock clk (rise edge)
                          0.00   10.00   clock source latency
     1    0.03    0.20    0.13   10.13 ^ clk (in)
                                         clk (net)
                  0.20    0.00   10.13 ^ clkbuf_0_clk/A (sky130_fd_sc_hd__clkbuf_16)
    16    0.11    0.20    0.37   10.50 ^ clkbuf_0_clk/X (sky130_fd_sc_hd__clkbuf_16)
                                         clknet_0_clk (net)
                  0.20    0.00   10.50 ^ clkbuf_4_11_0_clk/A (sky130_fd_sc_hd__clkbuf_8)
     7    0.03    0.12    0.31   10.81 ^ clkbuf_4_11_0_clk/X (sky130_fd_sc_hd__clkbuf_8)
                                         clknet_4_11_0_clk (net)
                  0.12    0.00   10.81 ^ _0913_/CLK (sky130_fd_sc_hd__dfrtp_1)
                         -0.25   10.56   clock uncertainty
                          0.05   10.61   clock reconvergence pessimism
                         -0.28   10.34   library setup time
                                 10.34   data required time
-----------------------------------------------------------------------------
                                 10.34   data required time
                                 -6.89   data arrival time
-----------------------------------------------------------------------------
                                  3.45   slack (MET)



======================= Typical Corner ===================================

Startpoint: reset_n (input port clocked by clk)
Endpoint: _0915_ (recovery check against rising-edge clock clk)
Path Group: asynchronous
Path Type: max
Corner: Typical

Fanout     Cap    Slew   Delay    Time   Description
-----------------------------------------------------------------------------
                          0.00    0.00   clock clk (rise edge)
                          0.00    0.00   clock network delay (propagated)
                          2.00    2.00 ^ input external delay
     1    0.00    0.02    0.01    2.01 ^ reset_n (in)
                                         reset_n (net)
                  0.02    0.00    2.01 ^ input10/A (sky130_fd_sc_hd__clkbuf_1)
     1    0.00    0.04    0.07    2.08 ^ input10/X (sky130_fd_sc_hd__clkbuf_1)
                                         net10 (net)
                  0.04    0.00    2.08 ^ fanout36/A (sky130_fd_sc_hd__buf_2)
     7    0.04    0.21    0.24    2.32 ^ fanout36/X (sky130_fd_sc_hd__buf_2)
                                         net36 (net)
                  0.21    0.00    2.32 ^ fanout34/A (sky130_fd_sc_hd__clkbuf_4)
    10    0.05    0.15    0.29    2.61 ^ fanout34/X (sky130_fd_sc_hd__clkbuf_4)
                                         net34 (net)
                  0.15    0.00    2.61 ^ _0915_/RESET_B (sky130_fd_sc_hd__dfrtp_4)
                                  2.61   data arrival time

                         10.00   10.00   clock clk (rise edge)
                          0.00   10.00   clock source latency
     1    0.03    0.13    0.08   10.08 ^ clk (in)
                                         clk (net)
                  0.13    0.00   10.08 ^ clkbuf_0_clk/A (sky130_fd_sc_hd__clkbuf_16)
    16    0.11    0.13    0.21   10.30 ^ clkbuf_0_clk/X (sky130_fd_sc_hd__clkbuf_16)
                                         clknet_0_clk (net)
                  0.13    0.00   10.30 ^ clkbuf_4_11_0_clk/A (sky130_fd_sc_hd__clkbuf_8)
     7    0.04    0.08    0.17   10.47 ^ clkbuf_4_11_0_clk/X (sky130_fd_sc_hd__clkbuf_8)
                                         clknet_4_11_0_clk (net)
                  0.08    0.00   10.47 ^ _0915_/CLK (sky130_fd_sc_hd__dfrtp_4)
                         -0.25   10.22   clock uncertainty
                          0.00   10.22   clock reconvergence pessimism
                          0.19   10.41   library recovery time
                                 10.41   data required time
-----------------------------------------------------------------------------
                                 10.41   data required time
                                 -2.61   data arrival time
-----------------------------------------------------------------------------
                                  7.81   slack (MET)


Startpoint: _0923_ (rising edge-triggered flip-flop clocked by clk)
Endpoint: empty (output port clocked by clk)
Path Group: clk
Path Type: max
Corner: Typical

Fanout     Cap    Slew   Delay    Time   Description
-----------------------------------------------------------------------------
                          0.00    0.00   clock clk (rise edge)
                          0.00    0.00   clock source latency
     1    0.03    0.13    0.09    0.09 ^ clk (in)
                                         clk (net)
                  0.13    0.00    0.09 ^ clkbuf_0_clk/A (sky130_fd_sc_hd__clkbuf_16)
    16    0.11    0.13    0.24    0.33 ^ clkbuf_0_clk/X (sky130_fd_sc_hd__clkbuf_16)
                                         clknet_0_clk (net)
                  0.13    0.00    0.33 ^ clkbuf_4_10_0_clk/A (sky130_fd_sc_hd__clkbuf_8)
     9    0.04    0.08    0.20    0.53 ^ clkbuf_4_10_0_clk/X (sky130_fd_sc_hd__clkbuf_8)
                                         clknet_4_10_0_clk (net)
                  0.08    0.00    0.53 ^ _0923_/CLK (sky130_fd_sc_hd__dfrtp_1)
     5    0.01    0.09    0.44    0.97 v _0923_/Q (sky130_fd_sc_hd__dfrtp_1)
                                         count[1] (net)
                  0.09    0.00    0.97 v _0452_/A (sky130_fd_sc_hd__or4_1)
     1    0.00    0.09    0.56    1.52 v _0452_/X (sky130_fd_sc_hd__or4_1)
                                         _0149_ (net)
                  0.09    0.00    1.52 v _0453_/A (sky130_fd_sc_hd__buf_2)
     6    0.03    0.08    0.20    1.72 v _0453_/X (sky130_fd_sc_hd__buf_2)
                                         _0150_ (net)
                  0.08    0.00    1.72 v _0454_/B (sky130_fd_sc_hd__nor2_1)
     1    0.00    0.09    0.11    1.83 ^ _0454_/Y (sky130_fd_sc_hd__nor2_1)
                                         net20 (net)
                  0.09    0.00    1.83 ^ output20/A (sky130_fd_sc_hd__buf_2)
     1    0.03    0.17    0.23    2.06 ^ output20/X (sky130_fd_sc_hd__buf_2)
                                         empty (net)
                  0.17    0.00    2.06 ^ empty (out)
                                  2.06   data arrival time

                         10.00   10.00   clock clk (rise edge)
                          0.00   10.00   clock network delay (propagated)
                         -0.25    9.75   clock uncertainty
                          0.00    9.75   clock reconvergence pessimism
                         -2.00    7.75   output external delay
                                  7.75   data required time
-----------------------------------------------------------------------------
                                  7.75   data required time
                                 -2.06   data arrival time
-----------------------------------------------------------------------------
                                  5.69   slack (MET)




===========================================================================
report_checks --slack_max -0.01
============================================================================
======================= Fastest Corner ===================================

No paths found.

======================= Slowest Corner ===================================

No paths found.

======================= Typical Corner ===================================

No paths found.


===========================================================================
 report_check_types -max_slew -max_cap -max_fanout -violators
============================================================================
======================= Fastest Corner ===================================

max fanout

Pin                                   Limit Fanout  Slack
---------------------------------------------------------
clkbuf_0_clk/X                           10     16     -6 (VIOLATED)
clkbuf_4_2_0_clk/X                       10     16     -6 (VIOLATED)
clkbuf_4_0_0_clk/X                       10     14     -4 (VIOLATED)
clkbuf_4_5_0_clk/X                       10     14     -4 (VIOLATED)
clkbuf_4_7_0_clk/X                       10     14     -4 (VIOLATED)
_0618_/X                                 10     11        (VIOLATED)
clkbuf_4_13_0_clk/X                      10     11        (VIOLATED)
clkbuf_4_8_0_clk/X                       10     11        (VIOLATED)


max slew violations count Fastest: 0
max fanout violations count Fastest: 8
max cap violations count Fastest: 0
======================= Slowest Corner ===================================

max slew

Pin                                    Limit    Slew   Slack
------------------------------------------------------------
_0468_/Y                                0.75    0.97   -0.22 (VIOLATED)
max_cap4/A                              0.75    0.97   -0.22 (VIOLATED)
wire32/A                                0.75    0.97   -0.22 (VIOLATED)
_0485_/Y                                0.75    0.93   -0.18 (VIOLATED)
_0562_/B1                               0.75    0.93   -0.18 (VIOLATED)
max_cap1/A                              0.75    0.93   -0.18 (VIOLATED)
_0721_/S                                0.75    0.75   -0.00 (VIOLATED)
_0717_/S                                0.75    0.75   -0.00 (VIOLATED)
_0725_/S                                0.75    0.75   -0.00 (VIOLATED)
_0727_/S                                0.75    0.75   -0.00 (VIOLATED)
_0719_/S                                0.75    0.75   -0.00 (VIOLATED)
_0729_/S                                0.75    0.75   -0.00 (VIOLATED)
_0723_/S                                0.75    0.75   -0.00 (VIOLATED)
_0731_/S                                0.75    0.75   -0.00 (VIOLATED)
_0716_/Y                                0.75    0.75   -0.00 (VIOLATED)

max fanout

Pin                                   Limit Fanout  Slack
---------------------------------------------------------
clkbuf_0_clk/X                           10     16     -6 (VIOLATED)
clkbuf_4_2_0_clk/X                       10     16     -6 (VIOLATED)
clkbuf_4_0_0_clk/X                       10     14     -4 (VIOLATED)
clkbuf_4_5_0_clk/X                       10     14     -4 (VIOLATED)
clkbuf_4_7_0_clk/X                       10     14     -4 (VIOLATED)
_0618_/X                                 10     11        (VIOLATED)
clkbuf_4_13_0_clk/X                      10     11        (VIOLATED)
clkbuf_4_8_0_clk/X                       10     11        (VIOLATED)


max slew violations count Slowest: 15
max fanout violations count Slowest: 8
max cap violations count Slowest: 0
======================= Typical Corner ===================================

max fanout

Pin                                   Limit Fanout  Slack
---------------------------------------------------------
clkbuf_0_clk/X                           10     16     -6 (VIOLATED)
clkbuf_4_2_0_clk/X                       10     16     -6 (VIOLATED)
clkbuf_4_0_0_clk/X                       10     14     -4 (VIOLATED)
clkbuf_4_5_0_clk/X                       10     14     -4 (VIOLATED)
clkbuf_4_7_0_clk/X                       10     14     -4 (VIOLATED)
_0618_/X                                 10     11        (VIOLATED)
clkbuf_4_13_0_clk/X                      10     11        (VIOLATED)
clkbuf_4_8_0_clk/X                       10     11        (VIOLATED)


max slew violations count Typical: 0
max fanout violations count Typical: 8
max cap violations count Typical: 0

===========================================================================
report_parasitic_annotation -report_unannotated
============================================================================
Found 15 unannotated drivers.
 clkload0/Y
 clkload1/Y
 clkload10/Y
 clkload11/Y
 clkload12/Y
 clkload13/Y
 clkload14/Y
 clkload2/Y
 clkload3/Y
 clkload4/Y
 clkload5/Y
 clkload6/Y
 clkload7/Y
 clkload8/Y
 clkload9/Y
Found 0 partially unannotated drivers.

===========================================================================
max slew violation count 15
max fanout violation count 8
max cap violation count 0
============================================================================

===========================================================================
check_setup -verbose -unconstrained_endpoints -multiple_clock -no_clock -no_input_delay -loops -generated_clocks
===========================================================================
