
===========================================================================
report_checks -unconstrained
===========================================================================
======================= Typical Corner ===================================

Startpoint: reset_n (input port clocked by clk)
Endpoint: _0919_ (recovery check against rising-edge clock clk)
Path Group: asynchronous
Path Type: max

Fanout     Cap    Slew   Delay    Time   Description
-----------------------------------------------------------------------------
                          0.00    0.00   clock clk (rise edge)
                          0.00    0.00   clock network delay (propagated)
                          2.00    2.00 ^ input external delay
     1    0.00    0.02    0.01    2.01 ^ reset_n (in)
                                         reset_n (net)
                  0.02    0.00    2.01 ^ input10/A (sky130_fd_sc_hd__clkbuf_1)
     1    0.00    0.03    0.07    2.07 ^ input10/X (sky130_fd_sc_hd__clkbuf_1)
                                         net10 (net)
                  0.03    0.00    2.07 ^ fanout36/A (sky130_fd_sc_hd__buf_2)
     7    0.02    0.12    0.16    2.24 ^ fanout36/X (sky130_fd_sc_hd__buf_2)
                                         net36 (net)
                  0.12    0.00    2.24 ^ fanout34/A (sky130_fd_sc_hd__clkbuf_4)
    10    0.04    0.12    0.23    2.47 ^ fanout34/X (sky130_fd_sc_hd__clkbuf_4)
                                         net34 (net)
                  0.12    0.00    2.47 ^ _0919_/RESET_B (sky130_fd_sc_hd__dfrtp_4)
                                  2.47   data arrival time

                         10.00   10.00   clock clk (rise edge)
                          0.00   10.00   clock source latency
     1    0.01    0.04    0.03   10.03 ^ clk (in)
                                         clk (net)
                  0.04    0.00   10.03 ^ clkbuf_0_clk/A (sky130_fd_sc_hd__clkbuf_16)
    16    0.07    0.09    0.15   10.18 ^ clkbuf_0_clk/X (sky130_fd_sc_hd__clkbuf_16)
                                         clknet_0_clk (net)
                  0.09    0.00   10.18 ^ clkbuf_4_10_0_clk/A (sky130_fd_sc_hd__clkbuf_8)
     9    0.03    0.07    0.15   10.33 ^ clkbuf_4_10_0_clk/X (sky130_fd_sc_hd__clkbuf_8)
                                         clknet_4_10_0_clk (net)
                  0.07    0.00   10.33 ^ _0919_/CLK (sky130_fd_sc_hd__dfrtp_4)
                         -0.25   10.08   clock uncertainty
                          0.00   10.08   clock reconvergence pessimism
                          0.20   10.28   library recovery time
                                 10.28   data required time
-----------------------------------------------------------------------------
                                 10.28   data required time
                                 -2.47   data arrival time
-----------------------------------------------------------------------------
                                  7.81   slack (MET)


Startpoint: _0923_ (rising edge-triggered flip-flop clocked by clk)
Endpoint: empty (output port clocked by clk)
Path Group: clk
Path Type: max

Fanout     Cap    Slew   Delay    Time   Description
-----------------------------------------------------------------------------
                          0.00    0.00   clock clk (rise edge)
                          0.00    0.00   clock source latency
     1    0.01    0.04    0.03    0.03 ^ clk (in)
                                         clk (net)
                  0.04    0.00    0.03 ^ clkbuf_0_clk/A (sky130_fd_sc_hd__clkbuf_16)
    16    0.07    0.09    0.17    0.20 ^ clkbuf_0_clk/X (sky130_fd_sc_hd__clkbuf_16)
                                         clknet_0_clk (net)
                  0.09    0.00    0.20 ^ clkbuf_4_10_0_clk/A (sky130_fd_sc_hd__clkbuf_8)
     9    0.03    0.07    0.17    0.36 ^ clkbuf_4_10_0_clk/X (sky130_fd_sc_hd__clkbuf_8)
                                         clknet_4_10_0_clk (net)
                  0.07    0.00    0.36 ^ _0923_/CLK (sky130_fd_sc_hd__dfrtp_1)
     5    0.01    0.07    0.41    0.78 v _0923_/Q (sky130_fd_sc_hd__dfrtp_1)
                                         count[1] (net)
                  0.07    0.00    0.78 v _0452_/A (sky130_fd_sc_hd__or4_1)
     1    0.00    0.07    0.53    1.31 v _0452_/X (sky130_fd_sc_hd__or4_1)
                                         _0149_ (net)
                  0.07    0.00    1.31 v _0453_/A (sky130_fd_sc_hd__buf_2)
     6    0.02    0.07    0.18    1.49 v _0453_/X (sky130_fd_sc_hd__buf_2)
                                         _0150_ (net)
                  0.07    0.00    1.49 v _0454_/B (sky130_fd_sc_hd__nor2_1)
     1    0.00    0.06    0.08    1.57 ^ _0454_/Y (sky130_fd_sc_hd__nor2_1)
                                         net20 (net)
                  0.06    0.00    1.57 ^ output20/A (sky130_fd_sc_hd__buf_2)
     1    0.03    0.17    0.21    1.79 ^ output20/X (sky130_fd_sc_hd__buf_2)
                                         empty (net)
                  0.17    0.00    1.79 ^ empty (out)
                                  1.79   data arrival time

                         10.00   10.00   clock clk (rise edge)
                          0.00   10.00   clock network delay (propagated)
                         -0.25    9.75   clock uncertainty
                          0.00    9.75   clock reconvergence pessimism
                         -2.00    7.75   output external delay
                                  7.75   data required time
-----------------------------------------------------------------------------
                                  7.75   data required time
                                 -1.79   data arrival time
-----------------------------------------------------------------------------
                                  5.96   slack (MET)




===========================================================================
report_checks --slack_max -0.01
============================================================================
======================= Typical Corner ===================================

No paths found.


===========================================================================
 report_check_types -max_slew -max_cap -max_fanout -violators
============================================================================
======================= Typical Corner ===================================

max fanout

Pin                                   Limit Fanout  Slack
---------------------------------------------------------
clkbuf_0_clk/X                           10     16     -6 (VIOLATED)
clkbuf_4_2_0_clk/X                       10     16     -6 (VIOLATED)
clkbuf_4_0_0_clk/X                       10     14     -4 (VIOLATED)
clkbuf_4_5_0_clk/X                       10     14     -4 (VIOLATED)
clkbuf_4_7_0_clk/X                       10     14     -4 (VIOLATED)
_0618_/X                                 10     11        (VIOLATED)
clkbuf_4_13_0_clk/X                      10     11        (VIOLATED)
clkbuf_4_8_0_clk/X                       10     11        (VIOLATED)


max slew violations count Typical: 0
max fanout violations count Typical: 8
max cap violations count Typical: 0

===========================================================================
report_parasitic_annotation -report_unannotated
============================================================================
Found 828 unannotated drivers.
 clk
 din[0]
 din[1]
 din[2]
 din[3]
 din[4]
 din[5]
 din[6]
 din[7]
 rd_en
 reset_n
 wr_en
 _0452_/X
 _0453_/X
 _0454_/Y
 _0455_/Y
 _0456_/Y
 _0457_/Y
 _0458_/X
 _0459_/X
 _0460_/X
 _0461_/X
 _0462_/X
 _0463_/X
 _0464_/X
 _0465_/X
 _0466_/X
 _0467_/X
 _0468_/Y
 _0469_/X
 _0470_/X
 _0471_/Y
 _0472_/X
 _0473_/X
 _0474_/X
 _0475_/X
 _0476_/X
 _0477_/X
 _0478_/X
 _0479_/X
 _0480_/X
 _0481_/X
 _0482_/X
 _0483_/Y
 _0484_/X
 _0485_/Y
 _0486_/X
 _0487_/Y
 _0488_/X
 _0489_/X
 _0490_/X
 _0491_/X
 _0492_/X
 _0493_/X
 _0494_/X
 _0495_/X
 _0496_/X
 _0497_/X
 _0498_/X
 _0499_/X
 _0500_/X
 _0501_/X
 _0502_/X
 _0503_/X
 _0504_/X
 _0505_/X
 _0506_/X
 _0507_/X
 _0508_/X
 _0509_/X
 _0510_/X
 _0511_/X
 _0512_/X
 _0513_/X
 _0514_/X
 _0515_/X
 _0516_/X
 _0517_/X
 _0518_/X
 _0519_/X
 _0520_/X
 _0521_/X
 _0522_/X
 _0523_/X
 _0524_/X
 _0525_/X
 _0526_/X
 _0527_/X
 _0528_/X
 _0529_/X
 _0530_/X
 _0531_/X
 _0532_/X
 _0533_/X
 _0534_/X
 _0535_/X
 _0536_/X
 _0537_/X
 _0538_/X
 _0539_/X
 _0540_/X
 _0541_/X
 _0542_/X
 _0543_/X
 _0544_/X
 _0545_/X
 _0546_/X
 _0547_/X
 _0548_/X
 _0549_/X
 _0550_/X
 _0551_/X
 _0552_/X
 _0553_/X
 _0554_/X
 _0555_/X
 _0556_/X
 _0557_/X
 _0558_/X
 _0559_/X
 _0560_/X
 _0561_/X
 _0562_/X
 _0563_/X
 _0564_/X
 _0565_/X
 _0566_/X
 _0567_/X
 _0568_/X
 _0569_/X
 _0570_/X
 _0571_/Y
 _0572_/Y
 _0573_/Y
 _0574_/X
 _0575_/X
 _0576_/X
 _0577_/X
 _0578_/X
 _0579_/Y
 _0580_/Y
 _0581_/Y
 _0582_/X
 _0583_/Y
 _0584_/X
 _0585_/Y
 _0586_/Y
 _0587_/X
 _0588_/Y
 _0589_/X
 _0590_/Y
 _0591_/Y
 _0592_/X
 _0593_/X
 _0594_/X
 _0595_/Y
 _0596_/Y
 _0597_/Y
 _0598_/X
 _0599_/X
 _0600_/X
 _0601_/X
 _0602_/X
 _0603_/X
 _0604_/X
 _0605_/X
 _0606_/X
 _0607_/X
 _0608_/X
 _0609_/X
 _0610_/X
 _0611_/X
 _0612_/X
 _0613_/Y
 _0614_/X
 _0615_/Y
 _0616_/X
 _0617_/X
 _0618_/X
 _0619_/X
 _0620_/X
 _0621_/X
 _0622_/X
 _0623_/X
 _0624_/X
 _0625_/X
 _0626_/X
 _0627_/X
 _0628_/X
 _0629_/X
 _0630_/X
 _0631_/X
 _0632_/X
 _0633_/X
 _0634_/X
 _0635_/X
 _0636_/X
 _0637_/X
 _0638_/X
 _0639_/X
 _0640_/X
 _0641_/X
 _0642_/X
 _0643_/X
 _0644_/X
 _0645_/Y
 _0646_/X
 _0647_/X
 _0648_/X
 _0649_/X
 _0650_/X
 _0651_/X
 _0652_/X
 _0653_/X
 _0654_/X
 _0655_/X
 _0656_/X
 _0657_/X
 _0658_/X
 _0659_/X
 _0660_/X
 _0661_/X
 _0662_/Y
 _0663_/X
 _0664_/X
 _0665_/X
 _0666_/X
 _0667_/X
 _0668_/X
 _0669_/X
 _0670_/X
 _0671_/X
 _0672_/X
 _0673_/X
 _0674_/X
 _0675_/X
 _0676_/X
 _0677_/X
 _0678_/X
 _0679_/Y
 _0680_/X
 _0681_/X
 _0682_/X
 _0683_/X
 _0684_/X
 _0685_/X
 _0686_/X
 _0687_/X
 _0688_/X
 _0689_/X
 _0690_/X
 _0691_/X
 _0692_/X
 _0693_/X
 _0694_/X
 _0695_/X
 _0696_/X
 _0697_/X
 _0698_/Y
 _0699_/X
 _0700_/X
 _0701_/X
 _0702_/X
 _0703_/X
 _0704_/X
 _0705_/X
 _0706_/X
 _0707_/X
 _0708_/X
 _0709_/X
 _0710_/X
 _0711_/X
 _0712_/X
 _0713_/X
 _0714_/X
 _0715_/X
 _0716_/Y
 _0717_/X
 _0718_/X
 _0719_/X
 _0720_/X
 _0721_/X
 _0722_/X
 _0723_/X
 _0724_/X
 _0725_/X
 _0726_/X
 _0727_/X
 _0728_/X
 _0729_/X
 _0730_/X
 _0731_/X
 _0732_/X
 _0733_/X
 _0734_/Y
 _0735_/X
 _0736_/X
 _0737_/X
 _0738_/X
 _0739_/X
 _0740_/X
 _0741_/X
 _0742_/X
 _0743_/X
 _0744_/X
 _0745_/X
 _0746_/X
 _0747_/X
 _0748_/X
 _0749_/X
 _0750_/X
 _0751_/Y
 _0752_/X
 _0753_/X
 _0754_/X
 _0755_/X
 _0756_/X
 _0757_/X
 _0758_/X
 _0759_/X
 _0760_/X
 _0761_/X
 _0762_/X
 _0763_/X
 _0764_/X
 _0765_/X
 _0766_/X
 _0767_/X
 _0768_/Y
 _0769_/Y
 _0770_/X
 _0771_/X
 _0772_/X
 _0773_/X
 _0774_/X
 _0775_/X
 _0776_/X
 _0777_/X
 _0778_/X
 _0779_/X
 _0780_/X
 _0781_/X
 _0782_/X
 _0783_/X
 _0784_/X
 _0785_/X
 _0786_/Y
 _0787_/X
 _0788_/X
 _0789_/X
 _0790_/X
 _0791_/X
 _0792_/X
 _0793_/X
 _0794_/X
 _0795_/X
 _0796_/X
 _0797_/X
 _0798_/X
 _0799_/X
 _0800_/X
 _0801_/X
 _0802_/X
 _0803_/Y
 _0804_/X
 _0805_/X
 _0806_/X
 _0807_/X
 _0808_/X
 _0809_/X
 _0810_/X
 _0811_/X
 _0812_/X
 _0813_/X
 _0814_/X
 _0815_/X
 _0816_/X
 _0817_/X
 _0818_/X
 _0819_/X
 _0820_/Y
 _0821_/X
 _0822_/X
 _0823_/X
 _0824_/X
 _0825_/X
 _0826_/X
 _0827_/X
 _0828_/X
 _0829_/X
 _0830_/X
 _0831_/X
 _0832_/X
 _0833_/X
 _0834_/X
 _0835_/X
 _0836_/X
 _0837_/Y
 _0838_/Y
 _0839_/X
 _0840_/X
 _0841_/X
 _0842_/X
 _0843_/X
 _0844_/X
 _0845_/X
 _0846_/X
 _0847_/X
 _0848_/X
 _0849_/X
 _0850_/X
 _0851_/X
 _0852_/X
 _0853_/X
 _0854_/X
 _0855_/Y
 _0856_/X
 _0857_/X
 _0858_/X
 _0859_/X
 _0860_/X
 _0861_/X
 _0862_/X
 _0863_/X
 _0864_/X
 _0865_/X
 _0866_/X
 _0867_/X
 _0868_/X
 _0869_/X
 _0870_/X
 _0871_/X
 _0872_/Y
 _0873_/X
 _0874_/X
 _0875_/X
 _0876_/X
 _0877_/X
 _0878_/X
 _0879_/X
 _0880_/X
 _0881_/X
 _0882_/X
 _0883_/X
 _0884_/X
 _0885_/X
 _0886_/X
 _0887_/X
 _0888_/X
 _0889_/Y
 _0890_/X
 _0891_/X
 _0892_/X
 _0893_/X
 _0894_/X
 _0895_/X
 _0896_/X
 _0897_/X
 _0898_/X
 _0899_/X
 _0900_/X
 _0901_/X
 _0902_/X
 _0903_/X
 _0904_/X
 _0905_/X
 _0906_/Q
 _0907_/Q
 _0908_/Q
 _0909_/Q
 _0910_/Q
 _0911_/Q
 _0912_/Q
 _0913_/Q
 _0914_/Q
 _0915_/Q
 _0916_/Q
 _0917_/Q
 _0918_/Q
 _0919_/Q
 _0920_/Q
 _0921_/Q
 _0922_/Q
 _0923_/Q
 _0924_/Q
 _0925_/Q
 _0926_/Q
 _0927_/Q
 _0928_/Q
 _0929_/Q
 _0930_/Q
 _0931_/Q
 _0932_/Q
 _0933_/Q
 _0934_/Q
 _0935_/Q
 _0936_/Q
 _0937_/Q
 _0938_/Q
 _0939_/Q
 _0940_/Q
 _0941_/Q
 _0942_/Q
 _0943_/Q
 _0944_/Q
 _0945_/Q
 _0946_/Q
 _0947_/Q
 _0948_/Q
 _0949_/Q
 _0950_/Q
 _0951_/Q
 _0952_/Q
 _0953_/Q
 _0954_/Q
 _0955_/Q
 _0956_/Q
 _0957_/Q
 _0958_/Q
 _0959_/Q
 _0960_/Q
 _0961_/Q
 _0962_/Q
 _0963_/Q
 _0964_/Q
 _0965_/Q
 _0966_/Q
 _0967_/Q
 _0968_/Q
 _0969_/Q
 _0970_/Q
 _0971_/Q
 _0972_/Q
 _0973_/Q
 _0974_/Q
 _0975_/Q
 _0976_/Q
 _0977_/Q
 _0978_/Q
 _0979_/Q
 _0980_/Q
 _0981_/Q
 _0982_/Q
 _0983_/Q
 _0984_/Q
 _0985_/Q
 _0986_/Q
 _0987_/Q
 _0988_/Q
 _0989_/Q
 _0990_/Q
 _0991_/Q
 _0992_/Q
 _0993_/Q
 _0994_/Q
 _0995_/Q
 _0996_/Q
 _0997_/Q
 _0998_/Q
 _0999_/Q
 _1000_/Q
 _1001_/Q
 _1002_/Q
 _1003_/Q
 _1004_/Q
 _1005_/Q
 _1006_/Q
 _1007_/Q
 _1008_/Q
 _1009_/Q
 _1010_/Q
 _1011_/Q
 _1012_/Q
 _1013_/Q
 _1014_/Q
 _1015_/Q
 _1016_/Q
 _1017_/Q
 _1018_/Q
 _1019_/Q
 _1020_/Q
 _1021_/Q
 _1022_/Q
 _1023_/Q
 _1024_/Q
 _1025_/Q
 _1026_/Q
 _1027_/Q
 _1028_/Q
 _1029_/Q
 _1030_/Q
 _1031_/Q
 _1032_/Q
 _1033_/Q
 _1034_/Q
 _1035_/Q
 _1036_/Q
 _1037_/Q
 _1038_/Q
 _1039_/Q
 _1040_/Q
 _1041_/Q
 _1042_/Q
 _1043_/Q
 _1044_/Q
 _1045_/Q
 _1046_/Q
 _1047_/Q
 _1048_/Q
 _1049_/Q
 _1050_/Q
 _1051_/Q
 _1052_/Q
 _1053_/Q
 _1054_/Q
 clkbuf_0_clk/X
 clkbuf_4_0_0_clk/X
 clkbuf_4_10_0_clk/X
 clkbuf_4_11_0_clk/X
 clkbuf_4_12_0_clk/X
 clkbuf_4_13_0_clk/X
 clkbuf_4_14_0_clk/X
 clkbuf_4_15_0_clk/X
 clkbuf_4_1_0_clk/X
 clkbuf_4_2_0_clk/X
 clkbuf_4_3_0_clk/X
 clkbuf_4_4_0_clk/X
 clkbuf_4_5_0_clk/X
 clkbuf_4_6_0_clk/X
 clkbuf_4_7_0_clk/X
 clkbuf_4_8_0_clk/X
 clkbuf_4_9_0_clk/X
 clkload0/Y
 clkload1/Y
 clkload10/Y
 clkload11/Y
 clkload12/Y
 clkload13/Y
 clkload14/Y
 clkload2/Y
 clkload3/Y
 clkload4/Y
 clkload5/Y
 clkload6/Y
 clkload7/Y
 clkload8/Y
 clkload9/Y
 fanout34/X
 fanout35/X
 fanout36/X
 hold1/X
 hold10/X
 hold100/X
 hold101/X
 hold102/X
 hold103/X
 hold104/X
 hold105/X
 hold106/X
 hold107/X
 hold108/X
 hold109/X
 hold11/X
 hold110/X
 hold111/X
 hold112/X
 hold113/X
 hold114/X
 hold115/X
 hold116/X
 hold117/X
 hold118/X
 hold119/X
 hold12/X
 hold120/X
 hold121/X
 hold122/X
 hold123/X
 hold124/X
 hold125/X
 hold126/X
 hold127/X
 hold128/X
 hold129/X
 hold13/X
 hold130/X
 hold131/X
 hold132/X
 hold133/X
 hold134/X
 hold135/X
 hold136/X
 hold137/X
 hold138/X
 hold139/X
 hold14/X
 hold140/X
 hold141/X
 hold15/X
 hold16/X
 hold17/X
 hold18/X
 hold19/X
 hold2/X
 hold20/X
 hold21/X
 hold22/X
 hold23/X
 hold24/X
 hold25/X
 hold26/X
 hold27/X
 hold28/X
 hold29/X
 hold3/X
 hold30/X
 hold31/X
 hold32/X
 hold33/X
 hold34/X
 hold35/X
 hold36/X
 hold37/X
 hold38/X
 hold39/X
 hold4/X
 hold40/X
 hold41/X
 hold42/X
 hold43/X
 hold44/X
 hold45/X
 hold46/X
 hold47/X
 hold48/X
 hold49/X
 hold5/X
 hold50/X
 hold51/X
 hold52/X
 hold53/X
 hold54/X
 hold55/X
 hold56/X
 hold57/X
 hold58/X
 hold59/X
 hold6/X
 hold60/X
 hold61/X
 hold62/X
 hold63/X
 hold64/X
 hold65/X
 hold66/X
 hold67/X
 hold68/X
 hold69/X
 hold7/X
 hold70/X
 hold71/X
 hold72/X
 hold73/X
 hold74/X
 hold75/X
 hold76/X
 hold77/X
 hold78/X
 hold79/X
 hold8/X
 hold80/X
 hold81/X
 hold82/X
 hold83/X
 hold84/X
 hold85/X
 hold86/X
 hold87/X
 hold88/X
 hold89/X
 hold9/X
 hold90/X
 hold91/X
 hold92/X
 hold93/X
 hold94/X
 hold95/X
 hold96/X
 hold97/X
 hold98/X
 hold99/X
 input1/X
 input10/X
 input11/X
 input2/X
 input3/X
 input4/X
 input5/X
 input6/X
 input7/X
 input8/X
 input9/X
 max_cap1/X
 max_cap2/X
 max_cap22/X
 max_cap23/X
 max_cap25/X
 max_cap26/X
 max_cap27/X
 max_cap28/X
 max_cap29/X
 max_cap3/X
 max_cap30/X
 max_cap31/X
 max_cap33/X
 max_cap4/X
 output12/X
 output13/X
 output14/X
 output15/X
 output16/X
 output17/X
 output18/X
 output19/X
 output20/X
 output21/X
 wire24/X
 wire32/X
Found 0 partially unannotated drivers.

===========================================================================
max slew violation count 0
max fanout violation count 8
max cap violation count 0
============================================================================

===========================================================================
check_setup -verbose -unconstrained_endpoints -multiple_clock -no_clock -no_input_delay -loops -generated_clocks
===========================================================================
