
===========================================================================
report_checks -unconstrained
===========================================================================
======================= Fastest Corner ===================================

Startpoint: reset_n (input port clocked by clk)
Endpoint: _0915_ (recovery check against rising-edge clock clk)
Path Group: asynchronous
Path Type: max
Corner: Fastest

Fanout     Cap    Slew   Delay    Time   Description
-----------------------------------------------------------------------------
                          0.00    0.00   clock clk (rise edge)
                          0.00    0.00   clock network delay (propagated)
                          2.00    2.00 ^ input external delay
     1    0.00    0.01    0.01    2.01 ^ reset_n (in)
                                         reset_n (net)
                  0.01    0.00    2.01 ^ input10/A (sky130_fd_sc_hd__clkbuf_1)
     1    0.00    0.03    0.05    2.06 ^ input10/X (sky130_fd_sc_hd__clkbuf_1)
                                         net10 (net)
                  0.03    0.00    2.06 ^ fanout36/A (sky130_fd_sc_hd__buf_2)
     7    0.05    0.17    0.17    2.23 ^ fanout36/X (sky130_fd_sc_hd__buf_2)
                                         net36 (net)
                  0.17    0.00    2.23 ^ fanout34/A (sky130_fd_sc_hd__clkbuf_4)
    10    0.05    0.12    0.19    2.42 ^ fanout34/X (sky130_fd_sc_hd__clkbuf_4)
                                         net34 (net)
                  0.12    0.00    2.42 ^ _0915_/RESET_B (sky130_fd_sc_hd__dfrtp_4)
                                  2.42   data arrival time

                         10.00   10.00   clock clk (rise edge)
                          0.00   10.00   clock source latency
     1    0.03    0.10    0.06   10.06 ^ clk (in)
                                         clk (net)
                  0.10    0.00   10.06 ^ clkbuf_0_clk/A (sky130_fd_sc_hd__clkbuf_16)
    16    0.12    0.10    0.15   10.21 ^ clkbuf_0_clk/X (sky130_fd_sc_hd__clkbuf_16)
                                         clknet_0_clk (net)
                  0.10    0.00   10.22 ^ clkbuf_4_11_0_clk/A (sky130_fd_sc_hd__clkbuf_8)
     7    0.04    0.06    0.12   10.33 ^ clkbuf_4_11_0_clk/X (sky130_fd_sc_hd__clkbuf_8)
                                         clknet_4_11_0_clk (net)
                  0.06    0.00   10.34 ^ _0915_/CLK (sky130_fd_sc_hd__dfrtp_4)
                         -0.25   10.09   clock uncertainty
                          0.00   10.09   clock reconvergence pessimism
                          0.11   10.19   library recovery time
                                 10.19   data required time
-----------------------------------------------------------------------------
                                 10.19   data required time
                                 -2.42   data arrival time
-----------------------------------------------------------------------------
                                  7.77   slack (MET)


Startpoint: _0923_ (rising edge-triggered flip-flop clocked by clk)
Endpoint: empty (output port clocked by clk)
Path Group: clk
Path Type: max
Corner: Fastest

Fanout     Cap    Slew   Delay    Time   Description
-----------------------------------------------------------------------------
                          0.00    0.00   clock clk (rise edge)
                          0.00    0.00   clock source latency
     1    0.03    0.10    0.07    0.07 ^ clk (in)
                                         clk (net)
                  0.10    0.00    0.07 ^ clkbuf_0_clk/A (sky130_fd_sc_hd__clkbuf_16)
    16    0.12    0.10    0.17    0.24 ^ clkbuf_0_clk/X (sky130_fd_sc_hd__clkbuf_16)
                                         clknet_0_clk (net)
                  0.10    0.00    0.24 ^ clkbuf_4_10_0_clk/A (sky130_fd_sc_hd__clkbuf_8)
     9    0.04    0.06    0.13    0.37 ^ clkbuf_4_10_0_clk/X (sky130_fd_sc_hd__clkbuf_8)
                                         clknet_4_10_0_clk (net)
                  0.06    0.00    0.37 ^ _0923_/CLK (sky130_fd_sc_hd__dfrtp_1)
     5    0.01    0.06    0.28    0.66 v _0923_/Q (sky130_fd_sc_hd__dfrtp_1)
                                         count[1] (net)
                  0.06    0.00    0.66 v _0452_/A (sky130_fd_sc_hd__or4_1)
     1    0.00    0.06    0.32    0.98 v _0452_/X (sky130_fd_sc_hd__or4_1)
                                         _0149_ (net)
                  0.06    0.00    0.98 v _0453_/A (sky130_fd_sc_hd__buf_2)
     6    0.03    0.06    0.13    1.11 v _0453_/X (sky130_fd_sc_hd__buf_2)
                                         _0150_ (net)
                  0.06    0.00    1.11 v _0454_/B (sky130_fd_sc_hd__nor2_1)
     1    0.00    0.07    0.08    1.18 ^ _0454_/Y (sky130_fd_sc_hd__nor2_1)
                                         net20 (net)
                  0.07    0.00    1.18 ^ output20/A (sky130_fd_sc_hd__buf_2)
     1    0.03    0.13    0.15    1.34 ^ output20/X (sky130_fd_sc_hd__buf_2)
                                         empty (net)
                  0.13    0.00    1.34 ^ empty (out)
                                  1.34   data arrival time

                         10.00   10.00   clock clk (rise edge)
                          0.00   10.00   clock network delay (propagated)
                         -0.25    9.75   clock uncertainty
                          0.00    9.75   clock reconvergence pessimism
                         -2.00    7.75   output external delay
                                  7.75   data required time
-----------------------------------------------------------------------------
                                  7.75   data required time
                                 -1.34   data arrival time
-----------------------------------------------------------------------------
                                  6.41   slack (MET)



======================= Slowest Corner ===================================

Startpoint: reset_n (input port clocked by clk)
Endpoint: _0915_ (recovery check against rising-edge clock clk)
Path Group: asynchronous
Path Type: max
Corner: Slowest

Fanout     Cap    Slew   Delay    Time   Description
-----------------------------------------------------------------------------
                          0.00    0.00   clock clk (rise edge)
                          0.00    0.00   clock network delay (propagated)
                          2.00    2.00 ^ input external delay
     1    0.00    0.03    0.02    2.02 ^ reset_n (in)
                                         reset_n (net)
                  0.03    0.00    2.02 ^ input10/A (sky130_fd_sc_hd__clkbuf_1)
     1    0.00    0.07    0.13    2.15 ^ input10/X (sky130_fd_sc_hd__clkbuf_1)
                                         net10 (net)
                  0.07    0.00    2.15 ^ fanout36/A (sky130_fd_sc_hd__buf_2)
     7    0.04    0.34    0.41    2.56 ^ fanout36/X (sky130_fd_sc_hd__buf_2)
                                         net36 (net)
                  0.34    0.00    2.56 ^ fanout34/A (sky130_fd_sc_hd__clkbuf_4)
    10    0.05    0.23    0.51    3.07 ^ fanout34/X (sky130_fd_sc_hd__clkbuf_4)
                                         net34 (net)
                  0.23    0.00    3.07 ^ _0915_/RESET_B (sky130_fd_sc_hd__dfrtp_4)
                                  3.07   data arrival time

                         10.00   10.00   clock clk (rise edge)
                          0.00   10.00   clock source latency
     1    0.03    0.21    0.14   10.14 ^ clk (in)
                                         clk (net)
                  0.21    0.00   10.14 ^ clkbuf_0_clk/A (sky130_fd_sc_hd__clkbuf_16)
    16    0.12    0.20    0.38   10.51 ^ clkbuf_0_clk/X (sky130_fd_sc_hd__clkbuf_16)
                                         clknet_0_clk (net)
                  0.20    0.00   10.52 ^ clkbuf_4_11_0_clk/A (sky130_fd_sc_hd__clkbuf_8)
     7    0.04    0.12    0.31   10.83 ^ clkbuf_4_11_0_clk/X (sky130_fd_sc_hd__clkbuf_8)
                                         clknet_4_11_0_clk (net)
                  0.12    0.00   10.83 ^ _0915_/CLK (sky130_fd_sc_hd__dfrtp_4)
                         -0.25   10.58   clock uncertainty
                          0.00   10.58   clock reconvergence pessimism
                          0.39   10.96   library recovery time
                                 10.96   data required time
-----------------------------------------------------------------------------
                                 10.96   data required time
                                 -3.07   data arrival time
-----------------------------------------------------------------------------
                                  7.89   slack (MET)


Startpoint: _0920_ (rising edge-triggered flip-flop clocked by clk)
Endpoint: _0913_ (rising edge-triggered flip-flop clocked by clk)
Path Group: clk
Path Type: max
Corner: Slowest

Fanout     Cap    Slew   Delay    Time   Description
-----------------------------------------------------------------------------
                          0.00    0.00   clock clk (rise edge)
                          0.00    0.00   clock source latency
     1    0.03    0.21    0.15    0.15 ^ clk (in)
                                         clk (net)
                  0.21    0.00    0.15 ^ clkbuf_0_clk/A (sky130_fd_sc_hd__clkbuf_16)
    16    0.12    0.20    0.42    0.57 ^ clkbuf_0_clk/X (sky130_fd_sc_hd__clkbuf_16)
                                         clknet_0_clk (net)
                  0.20    0.00    0.57 ^ clkbuf_4_10_0_clk/A (sky130_fd_sc_hd__clkbuf_8)
     9    0.04    0.13    0.35    0.92 ^ clkbuf_4_10_0_clk/X (sky130_fd_sc_hd__clkbuf_8)
                                         clknet_4_10_0_clk (net)
                  0.13    0.00    0.92 ^ _0920_/CLK (sky130_fd_sc_hd__dfrtp_4)
    10    0.03    0.18    1.17    2.09 v _0920_/Q (sky130_fd_sc_hd__dfrtp_4)
                                         rd_ptr[2] (net)
                  0.18    0.00    2.09 v _0459_/A (sky130_fd_sc_hd__clkbuf_4)
    10    0.03    0.14    0.39    2.49 v _0459_/X (sky130_fd_sc_hd__clkbuf_4)
                                         _0154_ (net)
                  0.14    0.00    2.49 v _0479_/C (sky130_fd_sc_hd__and4b_4)
     8    0.07    0.19    0.54    3.03 v _0479_/X (sky130_fd_sc_hd__and4b_4)
                                         _0174_ (net)
                  0.19    0.00    3.03 v _0562_/A2 (sky130_fd_sc_hd__a22o_1)
     1    0.00    0.08    0.49    3.52 v _0562_/X (sky130_fd_sc_hd__a22o_1)
                                         _0250_ (net)
                  0.08    0.00    3.52 v _0563_/C1 (sky130_fd_sc_hd__a221o_1)
     1    0.00    0.10    0.52    4.04 v _0563_/X (sky130_fd_sc_hd__a221o_1)
                                         _0251_ (net)
                  0.10    0.00    4.04 v _0568_/A (sky130_fd_sc_hd__or3_1)
     1    0.01    0.17    0.95    4.99 v _0568_/X (sky130_fd_sc_hd__or3_1)
                                         _0256_ (net)
                  0.17    0.00    4.99 v _0569_/B2 (sky130_fd_sc_hd__o221a_1)
     1    0.01    0.13    0.50    5.50 v _0569_/X (sky130_fd_sc_hd__o221a_1)
                                         _0257_ (net)
                  0.13    0.00    5.50 v _0570_/B1 (sky130_fd_sc_hd__a21o_1)
     1    0.00    0.05    0.30    5.79 v _0570_/X (sky130_fd_sc_hd__a21o_1)
                                         _0007_ (net)
                  0.05    0.00    5.79 v hold6/A (sky130_fd_sc_hd__dlygate4sd3_1)
     1    0.00    0.10    1.16    6.95 v hold6/X (sky130_fd_sc_hd__dlygate4sd3_1)
                                         net42 (net)
                  0.10    0.00    6.95 v _0913_/D (sky130_fd_sc_hd__dfrtp_1)
                                  6.95   data arrival time

                         10.00   10.00   clock clk (rise edge)
                          0.00   10.00   clock source latency
     1    0.03    0.21    0.14   10.14 ^ clk (in)
                                         clk (net)
                  0.21    0.00   10.14 ^ clkbuf_0_clk/A (sky130_fd_sc_hd__clkbuf_16)
    16    0.12    0.20    0.38   10.51 ^ clkbuf_0_clk/X (sky130_fd_sc_hd__clkbuf_16)
                                         clknet_0_clk (net)
                  0.20    0.00   10.52 ^ clkbuf_4_11_0_clk/A (sky130_fd_sc_hd__clkbuf_8)
     7    0.04    0.12    0.31   10.83 ^ clkbuf_4_11_0_clk/X (sky130_fd_sc_hd__clkbuf_8)
                                         clknet_4_11_0_clk (net)
                  0.12    0.00   10.83 ^ _0913_/CLK (sky130_fd_sc_hd__dfrtp_1)
                         -0.25   10.58   clock uncertainty
                          0.05   10.63   clock reconvergence pessimism
                         -0.28   10.36   library setup time
                                 10.36   data required time
-----------------------------------------------------------------------------
                                 10.36   data required time
                                 -6.95   data arrival time
-----------------------------------------------------------------------------
                                  3.40   slack (MET)



======================= Typical Corner ===================================

Startpoint: reset_n (input port clocked by clk)
Endpoint: _0915_ (recovery check against rising-edge clock clk)
Path Group: asynchronous
Path Type: max
Corner: Typical

Fanout     Cap    Slew   Delay    Time   Description
-----------------------------------------------------------------------------
                          0.00    0.00   clock clk (rise edge)
                          0.00    0.00   clock network delay (propagated)
                          2.00    2.00 ^ input external delay
     1    0.00    0.02    0.01    2.01 ^ reset_n (in)
                                         reset_n (net)
                  0.02    0.00    2.01 ^ input10/A (sky130_fd_sc_hd__clkbuf_1)
     1    0.00    0.04    0.07    2.08 ^ input10/X (sky130_fd_sc_hd__clkbuf_1)
                                         net10 (net)
                  0.04    0.00    2.08 ^ fanout36/A (sky130_fd_sc_hd__buf_2)
     7    0.05    0.22    0.24    2.33 ^ fanout36/X (sky130_fd_sc_hd__buf_2)
                                         net36 (net)
                  0.22    0.00    2.33 ^ fanout34/A (sky130_fd_sc_hd__clkbuf_4)
    10    0.05    0.16    0.29    2.62 ^ fanout34/X (sky130_fd_sc_hd__clkbuf_4)
                                         net34 (net)
                  0.16    0.00    2.62 ^ _0915_/RESET_B (sky130_fd_sc_hd__dfrtp_4)
                                  2.62   data arrival time

                         10.00   10.00   clock clk (rise edge)
                          0.00   10.00   clock source latency
     1    0.03    0.13    0.09   10.09 ^ clk (in)
                                         clk (net)
                  0.13    0.00   10.09 ^ clkbuf_0_clk/A (sky130_fd_sc_hd__clkbuf_16)
    16    0.12    0.13    0.22   10.30 ^ clkbuf_0_clk/X (sky130_fd_sc_hd__clkbuf_16)
                                         clknet_0_clk (net)
                  0.13    0.00   10.31 ^ clkbuf_4_11_0_clk/A (sky130_fd_sc_hd__clkbuf_8)
     7    0.04    0.08    0.17   10.48 ^ clkbuf_4_11_0_clk/X (sky130_fd_sc_hd__clkbuf_8)
                                         clknet_4_11_0_clk (net)
                  0.08    0.00   10.48 ^ _0915_/CLK (sky130_fd_sc_hd__dfrtp_4)
                         -0.25   10.23   clock uncertainty
                          0.00   10.23   clock reconvergence pessimism
                          0.19   10.42   library recovery time
                                 10.42   data required time
-----------------------------------------------------------------------------
                                 10.42   data required time
                                 -2.62   data arrival time
-----------------------------------------------------------------------------
                                  7.80   slack (MET)


Startpoint: _0923_ (rising edge-triggered flip-flop clocked by clk)
Endpoint: empty (output port clocked by clk)
Path Group: clk
Path Type: max
Corner: Typical

Fanout     Cap    Slew   Delay    Time   Description
-----------------------------------------------------------------------------
                          0.00    0.00   clock clk (rise edge)
                          0.00    0.00   clock source latency
     1    0.03    0.13    0.10    0.10 ^ clk (in)
                                         clk (net)
                  0.13    0.00    0.10 ^ clkbuf_0_clk/A (sky130_fd_sc_hd__clkbuf_16)
    16    0.12    0.13    0.24    0.34 ^ clkbuf_0_clk/X (sky130_fd_sc_hd__clkbuf_16)
                                         clknet_0_clk (net)
                  0.13    0.00    0.34 ^ clkbuf_4_10_0_clk/A (sky130_fd_sc_hd__clkbuf_8)
     9    0.04    0.08    0.20    0.54 ^ clkbuf_4_10_0_clk/X (sky130_fd_sc_hd__clkbuf_8)
                                         clknet_4_10_0_clk (net)
                  0.08    0.00    0.54 ^ _0923_/CLK (sky130_fd_sc_hd__dfrtp_1)
     5    0.01    0.09    0.44    0.98 v _0923_/Q (sky130_fd_sc_hd__dfrtp_1)
                                         count[1] (net)
                  0.09    0.00    0.98 v _0452_/A (sky130_fd_sc_hd__or4_1)
     1    0.00    0.09    0.56    1.54 v _0452_/X (sky130_fd_sc_hd__or4_1)
                                         _0149_ (net)
                  0.09    0.00    1.54 v _0453_/A (sky130_fd_sc_hd__buf_2)
     6    0.03    0.08    0.20    1.74 v _0453_/X (sky130_fd_sc_hd__buf_2)
                                         _0150_ (net)
                  0.08    0.00    1.74 v _0454_/B (sky130_fd_sc_hd__nor2_1)
     1    0.00    0.09    0.11    1.86 ^ _0454_/Y (sky130_fd_sc_hd__nor2_1)
                                         net20 (net)
                  0.09    0.00    1.86 ^ output20/A (sky130_fd_sc_hd__buf_2)
     1    0.03    0.17    0.23    2.08 ^ output20/X (sky130_fd_sc_hd__buf_2)
                                         empty (net)
                  0.17    0.00    2.08 ^ empty (out)
                                  2.08   data arrival time

                         10.00   10.00   clock clk (rise edge)
                          0.00   10.00   clock network delay (propagated)
                         -0.25    9.75   clock uncertainty
                          0.00    9.75   clock reconvergence pessimism
                         -2.00    7.75   output external delay
                                  7.75   data required time
-----------------------------------------------------------------------------
                                  7.75   data required time
                                 -2.08   data arrival time
-----------------------------------------------------------------------------
                                  5.67   slack (MET)




===========================================================================
report_checks --slack_max -0.01
============================================================================
======================= Fastest Corner ===================================

No paths found.

======================= Slowest Corner ===================================

No paths found.

======================= Typical Corner ===================================

No paths found.


===========================================================================
 report_check_types -max_slew -max_cap -max_fanout -violators
============================================================================
======================= Fastest Corner ===================================

max fanout

Pin                                   Limit Fanout  Slack
---------------------------------------------------------
clkbuf_0_clk/X                           10     16     -6 (VIOLATED)
clkbuf_4_2_0_clk/X                       10     16     -6 (VIOLATED)
clkbuf_4_0_0_clk/X                       10     14     -4 (VIOLATED)
clkbuf_4_5_0_clk/X                       10     14     -4 (VIOLATED)
clkbuf_4_7_0_clk/X                       10     14     -4 (VIOLATED)
_0618_/X                                 10     11        (VIOLATED)
clkbuf_4_13_0_clk/X                      10     11        (VIOLATED)
clkbuf_4_8_0_clk/X                       10     11        (VIOLATED)


max slew violations count Fastest: 0
max fanout violations count Fastest: 8
max cap violations count Fastest: 0
======================= Slowest Corner ===================================

max slew

Pin                                    Limit    Slew   Slack
------------------------------------------------------------
_0468_/Y                                0.75    1.02   -0.27 (VIOLATED)
max_cap4/A                              0.75    1.02   -0.27 (VIOLATED)
wire32/A                                0.75    1.02   -0.27 (VIOLATED)
_0485_/Y                                0.75    0.94   -0.19 (VIOLATED)
_0562_/B1                               0.75    0.94   -0.19 (VIOLATED)
max_cap1/A                              0.75    0.94   -0.19 (VIOLATED)
_0721_/S                                0.75    0.80   -0.05 (VIOLATED)
_0717_/S                                0.75    0.80   -0.05 (VIOLATED)
_0725_/S                                0.75    0.80   -0.05 (VIOLATED)
_0727_/S                                0.75    0.80   -0.05 (VIOLATED)
_0719_/S                                0.75    0.80   -0.05 (VIOLATED)
_0729_/S                                0.75    0.80   -0.05 (VIOLATED)
_0723_/S                                0.75    0.80   -0.05 (VIOLATED)
_0731_/S                                0.75    0.80   -0.05 (VIOLATED)
_0716_/Y                                0.75    0.80   -0.05 (VIOLATED)
_0860_/S                                0.75    0.77   -0.02 (VIOLATED)
_0856_/S                                0.75    0.77   -0.02 (VIOLATED)
_0864_/S                                0.75    0.77   -0.02 (VIOLATED)
_0866_/S                                0.75    0.77   -0.02 (VIOLATED)
_0862_/S                                0.75    0.77   -0.02 (VIOLATED)
_0868_/S                                0.75    0.77   -0.02 (VIOLATED)
_0870_/S                                0.75    0.77   -0.02 (VIOLATED)
_0858_/S                                0.75    0.77   -0.02 (VIOLATED)
_0855_/Y                                0.75    0.77   -0.02 (VIOLATED)

max fanout

Pin                                   Limit Fanout  Slack
---------------------------------------------------------
clkbuf_0_clk/X                           10     16     -6 (VIOLATED)
clkbuf_4_2_0_clk/X                       10     16     -6 (VIOLATED)
clkbuf_4_0_0_clk/X                       10     14     -4 (VIOLATED)
clkbuf_4_5_0_clk/X                       10     14     -4 (VIOLATED)
clkbuf_4_7_0_clk/X                       10     14     -4 (VIOLATED)
_0618_/X                                 10     11        (VIOLATED)
clkbuf_4_13_0_clk/X                      10     11        (VIOLATED)
clkbuf_4_8_0_clk/X                       10     11        (VIOLATED)


max slew violations count Slowest: 24
max fanout violations count Slowest: 8
max cap violations count Slowest: 0
======================= Typical Corner ===================================

max fanout

Pin                                   Limit Fanout  Slack
---------------------------------------------------------
clkbuf_0_clk/X                           10     16     -6 (VIOLATED)
clkbuf_4_2_0_clk/X                       10     16     -6 (VIOLATED)
clkbuf_4_0_0_clk/X                       10     14     -4 (VIOLATED)
clkbuf_4_5_0_clk/X                       10     14     -4 (VIOLATED)
clkbuf_4_7_0_clk/X                       10     14     -4 (VIOLATED)
_0618_/X                                 10     11        (VIOLATED)
clkbuf_4_13_0_clk/X                      10     11        (VIOLATED)
clkbuf_4_8_0_clk/X                       10     11        (VIOLATED)


max slew violations count Typical: 0
max fanout violations count Typical: 8
max cap violations count Typical: 0

===========================================================================
report_parasitic_annotation -report_unannotated
============================================================================
Found 15 unannotated drivers.
 clkload0/Y
 clkload1/Y
 clkload10/Y
 clkload11/Y
 clkload12/Y
 clkload13/Y
 clkload14/Y
 clkload2/Y
 clkload3/Y
 clkload4/Y
 clkload5/Y
 clkload6/Y
 clkload7/Y
 clkload8/Y
 clkload9/Y
Found 0 partially unannotated drivers.

===========================================================================
max slew violation count 24
max fanout violation count 8
max cap violation count 0
============================================================================

===========================================================================
check_setup -verbose -unconstrained_endpoints -multiple_clock -no_clock -no_input_delay -loops -generated_clocks
===========================================================================
