Mon Feb 16 00:24:53 +0000 2026 - Executing "{openroad -exit -no_init -python /nix/store/xpc7xd67rslanlqh566s6jph53bn830w-openlane1-1.1.1/bin/scripts/odbpy/lefutil.py get_metal_layers -o /work/designs/fifo/runs/fifo_run1/tmp/layers.list /root/.volare/volare/sky130/versions/bdc9412b3e468c102d01b7cf6337be06ec6e9c9a/sky130A/libs.ref/sky130_fd_sc_hd/techlef/sky130_fd_sc_hd__nom.tlef}"

Mon Feb 16 00:24:54 +0000 2026 - Executing "{/nix/store/xpc7xd67rslanlqh566s6jph53bn830w-openlane1-1.1.1/bin/scripts/mergeLef.py -o /work/designs/fifo/runs/fifo_run1/tmp/merged.nom.lef -i /root/.volare/volare/sky130/versions/bdc9412b3e468c102d01b7cf6337be06ec6e9c9a/sky130A/libs.ref/sky130_fd_sc_hd/techlef/sky130_fd_sc_hd__nom.tlef {/root/.volare/volare/sky130/versions/bdc9412b3e468c102d01b7cf6337be06ec6e9c9a/sky130A/libs.ref/sky130_fd_sc_hd/lef/sky130_ef_sc_hd.lef /root/.volare/volare/sky130/versions/bdc9412b3e468c102d01b7cf6337be06ec6e9c9a/sky130A/libs.ref/sky130_fd_sc_hd/lef/sky130_fd_sc_hd.lef} |& tee /dev/null}"

Mon Feb 16 00:24:54 +0000 2026 - Executing "{/nix/store/xpc7xd67rslanlqh566s6jph53bn830w-openlane1-1.1.1/bin/scripts/mergeLef.py -o /work/designs/fifo/runs/fifo_run1/tmp/merged.min.lef -i /root/.volare/volare/sky130/versions/bdc9412b3e468c102d01b7cf6337be06ec6e9c9a/sky130A/libs.ref/sky130_fd_sc_hd/techlef/sky130_fd_sc_hd__min.tlef {/root/.volare/volare/sky130/versions/bdc9412b3e468c102d01b7cf6337be06ec6e9c9a/sky130A/libs.ref/sky130_fd_sc_hd/lef/sky130_ef_sc_hd.lef /root/.volare/volare/sky130/versions/bdc9412b3e468c102d01b7cf6337be06ec6e9c9a/sky130A/libs.ref/sky130_fd_sc_hd/lef/sky130_fd_sc_hd.lef} |& tee /dev/null}"

Mon Feb 16 00:24:54 +0000 2026 - Executing "{/nix/store/xpc7xd67rslanlqh566s6jph53bn830w-openlane1-1.1.1/bin/scripts/mergeLef.py -o /work/designs/fifo/runs/fifo_run1/tmp/merged.max.lef -i /root/.volare/volare/sky130/versions/bdc9412b3e468c102d01b7cf6337be06ec6e9c9a/sky130A/libs.ref/sky130_fd_sc_hd/techlef/sky130_fd_sc_hd__max.tlef {/root/.volare/volare/sky130/versions/bdc9412b3e468c102d01b7cf6337be06ec6e9c9a/sky130A/libs.ref/sky130_fd_sc_hd/lef/sky130_ef_sc_hd.lef /root/.volare/volare/sky130/versions/bdc9412b3e468c102d01b7cf6337be06ec6e9c9a/sky130A/libs.ref/sky130_fd_sc_hd/lef/sky130_fd_sc_hd.lef} |& tee /dev/null}"

Mon Feb 16 00:24:54 +0000 2026 - Executing "{python3 /nix/store/xpc7xd67rslanlqh566s6jph53bn830w-openlane1-1.1.1/bin/scripts/mergeLib.py --output /work/designs/fifo/runs/fifo_run1/tmp/synthesis/merged.lib --name sky130A_merged /root/.volare/volare/sky130/versions/bdc9412b3e468c102d01b7cf6337be06ec6e9c9a/sky130A/libs.ref/sky130_fd_sc_hd/lib/sky130_fd_sc_hd__tt_025C_1v80.lib}"

Mon Feb 16 00:24:55 +0000 2026 - Executing "{python3 /nix/store/xpc7xd67rslanlqh566s6jph53bn830w-openlane1-1.1.1/bin/scripts/libtrim.py --cell-file /work/designs/fifo/runs/fifo_run1/tmp/synthesis/trimmed.lib.exclude.list --output /work/designs/fifo/runs/fifo_run1/tmp/synthesis/trimmed.lib /work/designs/fifo/runs/fifo_run1/tmp/synthesis/merged.lib}"

Mon Feb 16 00:24:55 +0000 2026 - Executing "{python3 /nix/store/xpc7xd67rslanlqh566s6jph53bn830w-openlane1-1.1.1/bin/scripts/libtrim.py --cell-file /work/designs/fifo/runs/fifo_run1/tmp/cts/cts.lib.exclude.list --output /work/designs/fifo/runs/fifo_run1/tmp/cts/cts.lib /root/.volare/volare/sky130/versions/bdc9412b3e468c102d01b7cf6337be06ec6e9c9a/sky130A/libs.ref/sky130_fd_sc_hd/lib/sky130_fd_sc_hd__tt_025C_1v80.lib}"

Mon Feb 16 00:24:55 +0000 2026 - Executing "{python3 /nix/store/xpc7xd67rslanlqh566s6jph53bn830w-openlane1-1.1.1/bin/scripts/libtrim.py --cell-file /work/designs/fifo/runs/fifo_run1/tmp/cts/cts-fastest.lib.exclude.list --output /work/designs/fifo/runs/fifo_run1/tmp/cts/cts-fastest.lib /root/.volare/volare/sky130/versions/bdc9412b3e468c102d01b7cf6337be06ec6e9c9a/sky130A/libs.ref/sky130_fd_sc_hd/lib/sky130_fd_sc_hd__ff_n40C_1v95.lib}"

Mon Feb 16 00:24:58 +0000 2026 - Executing "{python3 /nix/store/xpc7xd67rslanlqh566s6jph53bn830w-openlane1-1.1.1/bin/scripts/libtrim.py --cell-file /work/designs/fifo/runs/fifo_run1/tmp/cts/cts-slowest.lib.exclude.list --output /work/designs/fifo/runs/fifo_run1/tmp/cts/cts-slowest.lib /root/.volare/volare/sky130/versions/bdc9412b3e468c102d01b7cf6337be06ec6e9c9a/sky130A/libs.ref/sky130_fd_sc_hd/lib/sky130_fd_sc_hd__ss_100C_1v60.lib}"

Mon Feb 16 00:24:58 +0000 2026 - Executing "{python3 /nix/store/xpc7xd67rslanlqh566s6jph53bn830w-openlane1-1.1.1/bin/scripts/new_tracks.py -i /root/.volare/volare/sky130/versions/bdc9412b3e468c102d01b7cf6337be06ec6e9c9a/sky130A/libs.tech/openlane/sky130_fd_sc_hd/tracks.info -o /work/designs/fifo/runs/fifo_run1/tmp/routing/config.tracks}"

Mon Feb 16 00:24:58 +0000 2026 - Executing "{echo {OpenLane } > /work/designs/fifo/runs/fifo_run1/OPENLANE_COMMIT}"

Mon Feb 16 00:24:59 +0000 2026 - Executing "{yosys -c /nix/store/xpc7xd67rslanlqh566s6jph53bn830w-openlane1-1.1.1/bin/scripts/yosys/blackbox.tcl}"

Mon Feb 16 00:24:59 +0000 2026 - Executing "{verilator -Wall --lint-only --Wno-DECLFILENAME --top-module FIFO /work/designs/fifo/runs/fifo_run1/tmp/synthesis/blackbox/sky130_fd_sc_hd__blackbox.v /work/designs/fifo/src/fifo.v -Wno-fatal --relative-includes |& tee /work/designs/fifo/runs/fifo_run1/logs/synthesis/linter.log /dev/null}"

Mon Feb 16 00:24:59 +0000 2026 - Executing "{sed -E {s/^([[:space:]]+)pg_pin(.*)/\1pin\2\n\1    direction : "inout";/g} /root/.volare/volare/sky130/versions/bdc9412b3e468c102d01b7cf6337be06ec6e9c9a/sky130A/libs.ref/sky130_fd_sc_hd/lib/sky130_fd_sc_hd__tt_025C_1v80.lib > /work/designs/fifo/runs/fifo_run1/tmp/synthesis/1-sky130_fd_sc_hd__tt_025C_1v80.no_pg.lib}"

Mon Feb 16 00:25:01 +0000 2026 - Executing "{sed -E {s/^([[:space:]]+)pg_pin(.*)/\1pin\2\n\1    direction : "inout";/g} /work/designs/fifo/runs/fifo_run1/tmp/synthesis/trimmed.lib > /work/designs/fifo/runs/fifo_run1/tmp/synthesis/1-trimmed.no_pg.lib}"

Mon Feb 16 00:25:01 +0000 2026 - Executing "yosys -c /nix/store/xpc7xd67rslanlqh566s6jph53bn830w-openlane1-1.1.1/bin/scripts/yosys/synth.tcl |& tee /dev/null /work/designs/fifo/runs/fifo_run1/logs/synthesis/1-synthesis.log"

Mon Feb 16 00:25:01 +0000 2026 - Executing "{yosys -c /nix/store/xpc7xd67rslanlqh566s6jph53bn830w-openlane1-1.1.1/bin/scripts/yosys/synth.tcl |& tee /dev/null /work/designs/fifo/runs/fifo_run1/logs/synthesis/1-synthesis.log}"

Mon Feb 16 00:25:06 +0000 2026 - Executing "{sed -i.bak -e {s/\(set ::env(CURRENT_NETLIST)\).*/\1 \/work\/designs\/fifo\/runs\/fifo_run1\/results\/synthesis\/FIFO.v/} /work/designs/fifo/runs/fifo_run1/config.tcl}"

Mon Feb 16 00:25:06 +0000 2026 - Executing "{sed -i.bak /defparam/d /work/designs/fifo/runs/fifo_run1/results/synthesis/FIFO.v}"

Mon Feb 16 00:25:07 +0000 2026 - Executing "sta -exit -no_init /nix/store/xpc7xd67rslanlqh566s6jph53bn830w-openlane1-1.1.1/bin/scripts/openroad/sta/multi_corner.tcl |& tee /dev/null /work/designs/fifo/runs/fifo_run1/logs/synthesis/2-sta.log"

Mon Feb 16 00:25:07 +0000 2026 - Executing "{sta -exit -no_init /nix/store/xpc7xd67rslanlqh566s6jph53bn830w-openlane1-1.1.1/bin/scripts/openroad/sta/multi_corner.tcl |& tee /dev/null /work/designs/fifo/runs/fifo_run1/logs/synthesis/2-sta.log}"

Mon Feb 16 00:25:08 +0000 2026 - Executing "openroad -exit /nix/store/xpc7xd67rslanlqh566s6jph53bn830w-openlane1-1.1.1/bin/scripts/openroad/floorplan.tcl |& tee /dev/null /work/designs/fifo/runs/fifo_run1/logs/floorplan/3-initial_fp.log"

Mon Feb 16 00:25:08 +0000 2026 - Executing "{openroad -exit /nix/store/xpc7xd67rslanlqh566s6jph53bn830w-openlane1-1.1.1/bin/scripts/openroad/floorplan.tcl |& tee /dev/null /work/designs/fifo/runs/fifo_run1/logs/floorplan/3-initial_fp.log}"

Mon Feb 16 00:25:09 +0000 2026 - Executing "{openroad -exit -no_init -python /nix/store/xpc7xd67rslanlqh566s6jph53bn830w-openlane1-1.1.1/bin/scripts/odbpy/defutil.py extract_core_dims --output-data /work/designs/fifo/runs/fifo_run1/tmp/dimensions.txt --input-lef /work/designs/fifo/runs/fifo_run1/tmp/merged.nom.lef /work/designs/fifo/runs/fifo_run1/tmp/floorplan/3-initial_fp.def}"

Mon Feb 16 00:25:10 +0000 2026 - Executing "openroad -exit /nix/store/xpc7xd67rslanlqh566s6jph53bn830w-openlane1-1.1.1/bin/scripts/openroad/ioplacer.tcl |& tee /dev/null /work/designs/fifo/runs/fifo_run1/logs/floorplan/4-io.log"

Mon Feb 16 00:25:10 +0000 2026 - Executing "{openroad -exit /nix/store/xpc7xd67rslanlqh566s6jph53bn830w-openlane1-1.1.1/bin/scripts/openroad/ioplacer.tcl |& tee /dev/null /work/designs/fifo/runs/fifo_run1/logs/floorplan/4-io.log}"

Mon Feb 16 00:25:11 +0000 2026 - Executing "openroad -exit /nix/store/xpc7xd67rslanlqh566s6jph53bn830w-openlane1-1.1.1/bin/scripts/openroad/tapcell.tcl |& tee /dev/null /work/designs/fifo/runs/fifo_run1/logs/floorplan/5-tap.log"

Mon Feb 16 00:25:11 +0000 2026 - Executing "{openroad -exit /nix/store/xpc7xd67rslanlqh566s6jph53bn830w-openlane1-1.1.1/bin/scripts/openroad/tapcell.tcl |& tee /dev/null /work/designs/fifo/runs/fifo_run1/logs/floorplan/5-tap.log}"

Mon Feb 16 00:25:12 +0000 2026 - Executing "openroad -exit /nix/store/xpc7xd67rslanlqh566s6jph53bn830w-openlane1-1.1.1/bin/scripts/openroad/pdn.tcl |& tee /dev/null /work/designs/fifo/runs/fifo_run1/logs/floorplan/6-pdn.log"

Mon Feb 16 00:25:12 +0000 2026 - Executing "{openroad -exit /nix/store/xpc7xd67rslanlqh566s6jph53bn830w-openlane1-1.1.1/bin/scripts/openroad/pdn.tcl |& tee /dev/null /work/designs/fifo/runs/fifo_run1/logs/floorplan/6-pdn.log}"

Mon Feb 16 00:25:13 +0000 2026 - Executing "openroad -exit /nix/store/xpc7xd67rslanlqh566s6jph53bn830w-openlane1-1.1.1/bin/scripts/openroad/gpl.tcl |& tee /dev/null /work/designs/fifo/runs/fifo_run1/logs/placement/6-global_skip_io.log"

Mon Feb 16 00:25:14 +0000 2026 - Executing "{openroad -exit /nix/store/xpc7xd67rslanlqh566s6jph53bn830w-openlane1-1.1.1/bin/scripts/openroad/gpl.tcl |& tee /dev/null /work/designs/fifo/runs/fifo_run1/logs/placement/6-global_skip_io.log}"

Mon Feb 16 00:25:15 +0000 2026 - Executing "{sed -i.bak -e {s/\(set ::env(CURRENT_NETLIST)\).*/\1 \/work\/designs\/fifo\/runs\/fifo_run1\/tmp\/placement\/7-global_skip_io.nl.v/} /work/designs/fifo/runs/fifo_run1/config.tcl}"

Mon Feb 16 00:25:15 +0000 2026 - Executing "openroad -exit /nix/store/xpc7xd67rslanlqh566s6jph53bn830w-openlane1-1.1.1/bin/scripts/openroad/sta/multi_corner.tcl |& tee /dev/null /work/designs/fifo/runs/fifo_run1/logs/placement/8-gpl_sta.log"

Mon Feb 16 00:25:15 +0000 2026 - Executing "{openroad -exit /nix/store/xpc7xd67rslanlqh566s6jph53bn830w-openlane1-1.1.1/bin/scripts/openroad/sta/multi_corner.tcl |& tee /dev/null /work/designs/fifo/runs/fifo_run1/logs/placement/8-gpl_sta.log}"

Mon Feb 16 00:25:16 +0000 2026 - Executing "openroad -exit /nix/store/xpc7xd67rslanlqh566s6jph53bn830w-openlane1-1.1.1/bin/scripts/openroad/ioplacer.tcl |& tee /dev/null /work/designs/fifo/runs/fifo_run1/logs/placement/9-io.log"

Mon Feb 16 00:25:16 +0000 2026 - Executing "{openroad -exit /nix/store/xpc7xd67rslanlqh566s6jph53bn830w-openlane1-1.1.1/bin/scripts/openroad/ioplacer.tcl |& tee /dev/null /work/designs/fifo/runs/fifo_run1/logs/placement/9-io.log}"

Mon Feb 16 00:25:17 +0000 2026 - Executing "openroad -exit /nix/store/xpc7xd67rslanlqh566s6jph53bn830w-openlane1-1.1.1/bin/scripts/openroad/gpl.tcl |& tee /dev/null /work/designs/fifo/runs/fifo_run1/logs/placement/9-global.log"

Mon Feb 16 00:25:17 +0000 2026 - Executing "{openroad -exit /nix/store/xpc7xd67rslanlqh566s6jph53bn830w-openlane1-1.1.1/bin/scripts/openroad/gpl.tcl |& tee /dev/null /work/designs/fifo/runs/fifo_run1/logs/placement/9-global.log}"

Mon Feb 16 00:25:18 +0000 2026 - Executing "{sed -i.bak -e {s/\(set ::env(CURRENT_NETLIST)\).*/\1 \/work\/designs\/fifo\/runs\/fifo_run1\/tmp\/placement\/10-global.nl.v/} /work/designs/fifo/runs/fifo_run1/config.tcl}"

Mon Feb 16 00:25:18 +0000 2026 - Executing "openroad -exit /nix/store/xpc7xd67rslanlqh566s6jph53bn830w-openlane1-1.1.1/bin/scripts/openroad/sta/multi_corner.tcl |& tee /dev/null /work/designs/fifo/runs/fifo_run1/logs/placement/11-gpl_sta.log"

Mon Feb 16 00:25:18 +0000 2026 - Executing "{openroad -exit /nix/store/xpc7xd67rslanlqh566s6jph53bn830w-openlane1-1.1.1/bin/scripts/openroad/sta/multi_corner.tcl |& tee /dev/null /work/designs/fifo/runs/fifo_run1/logs/placement/11-gpl_sta.log}"

Mon Feb 16 00:25:19 +0000 2026 - Executing "openroad -exit /nix/store/xpc7xd67rslanlqh566s6jph53bn830w-openlane1-1.1.1/bin/scripts/openroad/resizer.tcl |& tee /dev/null /work/designs/fifo/runs/fifo_run1/logs/placement/12-resizer.log"

Mon Feb 16 00:25:19 +0000 2026 - Executing "{openroad -exit /nix/store/xpc7xd67rslanlqh566s6jph53bn830w-openlane1-1.1.1/bin/scripts/openroad/resizer.tcl |& tee /dev/null /work/designs/fifo/runs/fifo_run1/logs/placement/12-resizer.log}"

Mon Feb 16 00:25:22 +0000 2026 - Executing "{sed -i.bak -e {s/\(set ::env(CURRENT_NETLIST)\).*/\1 \/work\/designs\/fifo\/runs\/fifo_run1\/tmp\/placement\/12-resizer.nl.v/} /work/designs/fifo/runs/fifo_run1/config.tcl}"

Mon Feb 16 00:25:23 +0000 2026 - Executing "openroad -exit /nix/store/xpc7xd67rslanlqh566s6jph53bn830w-openlane1-1.1.1/bin/scripts/openroad/dpl.tcl |& tee /dev/null /work/designs/fifo/runs/fifo_run1/logs/placement/13-detailed.log"

Mon Feb 16 00:25:23 +0000 2026 - Executing "{openroad -exit /nix/store/xpc7xd67rslanlqh566s6jph53bn830w-openlane1-1.1.1/bin/scripts/openroad/dpl.tcl |& tee /dev/null /work/designs/fifo/runs/fifo_run1/logs/placement/13-detailed.log}"

Mon Feb 16 00:25:23 +0000 2026 - Executing "{sed -i.bak -e {s/\(set ::env(CURRENT_NETLIST)\).*/\1 \/work\/designs\/fifo\/runs\/fifo_run1\/results\/placement\/FIFO.nl.v/} /work/designs/fifo/runs/fifo_run1/config.tcl}"

Mon Feb 16 00:25:24 +0000 2026 - Executing "openroad -exit /nix/store/xpc7xd67rslanlqh566s6jph53bn830w-openlane1-1.1.1/bin/scripts/openroad/sta/multi_corner.tcl |& tee /dev/null /work/designs/fifo/runs/fifo_run1/logs/placement/14-dpl_sta.log"

Mon Feb 16 00:25:24 +0000 2026 - Executing "{openroad -exit /nix/store/xpc7xd67rslanlqh566s6jph53bn830w-openlane1-1.1.1/bin/scripts/openroad/sta/multi_corner.tcl |& tee /dev/null /work/designs/fifo/runs/fifo_run1/logs/placement/14-dpl_sta.log}"

Mon Feb 16 00:25:25 +0000 2026 - Executing "openroad -exit /nix/store/xpc7xd67rslanlqh566s6jph53bn830w-openlane1-1.1.1/bin/scripts/openroad/cts.tcl |& tee /dev/null /work/designs/fifo/runs/fifo_run1/logs/cts/15-cts.log"

Mon Feb 16 00:25:25 +0000 2026 - Executing "{openroad -exit /nix/store/xpc7xd67rslanlqh566s6jph53bn830w-openlane1-1.1.1/bin/scripts/openroad/cts.tcl |& tee /dev/null /work/designs/fifo/runs/fifo_run1/logs/cts/15-cts.log}"

Mon Feb 16 00:25:31 +0000 2026 - Executing "openroad -exit /nix/store/xpc7xd67rslanlqh566s6jph53bn830w-openlane1-1.1.1/bin/scripts/openroad/sta/multi_corner.tcl |& tee /dev/null /work/designs/fifo/runs/fifo_run1/logs/cts/16-cts_sta.log"

Mon Feb 16 00:25:31 +0000 2026 - Executing "{openroad -exit /nix/store/xpc7xd67rslanlqh566s6jph53bn830w-openlane1-1.1.1/bin/scripts/openroad/sta/multi_corner.tcl |& tee /dev/null /work/designs/fifo/runs/fifo_run1/logs/cts/16-cts_sta.log}"

Mon Feb 16 00:25:32 +0000 2026 - Executing "openroad -exit /nix/store/xpc7xd67rslanlqh566s6jph53bn830w-openlane1-1.1.1/bin/scripts/openroad/resizer_timing.tcl |& tee /dev/null /work/designs/fifo/runs/fifo_run1/logs/cts/17-resizer.log"

Mon Feb 16 00:25:32 +0000 2026 - Executing "{openroad -exit /nix/store/xpc7xd67rslanlqh566s6jph53bn830w-openlane1-1.1.1/bin/scripts/openroad/resizer_timing.tcl |& tee /dev/null /work/designs/fifo/runs/fifo_run1/logs/cts/17-resizer.log}"

Mon Feb 16 00:25:36 +0000 2026 - Executing "{sed -i.bak -e {s/\(set ::env(CURRENT_NETLIST)\).*/\1 \/work\/designs\/fifo\/runs\/fifo_run1\/tmp\/cts\/17-FIFO.resized.nl.v/} /work/designs/fifo/runs/fifo_run1/config.tcl}"

Mon Feb 16 00:25:37 +0000 2026 - Executing "openroad -exit /nix/store/xpc7xd67rslanlqh566s6jph53bn830w-openlane1-1.1.1/bin/scripts/openroad/resizer_routing_design.tcl |& tee /dev/null /work/designs/fifo/runs/fifo_run1/logs/routing/18-resizer_design.log"

Mon Feb 16 00:25:37 +0000 2026 - Executing "{openroad -exit /nix/store/xpc7xd67rslanlqh566s6jph53bn830w-openlane1-1.1.1/bin/scripts/openroad/resizer_routing_design.tcl |& tee /dev/null /work/designs/fifo/runs/fifo_run1/logs/routing/18-resizer_design.log}"

Mon Feb 16 00:25:40 +0000 2026 - Executing "{sed -i.bak -e {s/\(set ::env(CURRENT_NETLIST)\).*/\1 \/work\/designs\/fifo\/runs\/fifo_run1\/tmp\/18-FIFO.nl.v/} /work/designs/fifo/runs/fifo_run1/config.tcl}"

Mon Feb 16 00:25:40 +0000 2026 - Executing "openroad -exit /nix/store/xpc7xd67rslanlqh566s6jph53bn830w-openlane1-1.1.1/bin/scripts/openroad/sta/multi_corner.tcl |& tee /dev/null /work/designs/fifo/runs/fifo_run1/logs/routing/19-rsz_design_sta.log"

Mon Feb 16 00:25:41 +0000 2026 - Executing "{openroad -exit /nix/store/xpc7xd67rslanlqh566s6jph53bn830w-openlane1-1.1.1/bin/scripts/openroad/sta/multi_corner.tcl |& tee /dev/null /work/designs/fifo/runs/fifo_run1/logs/routing/19-rsz_design_sta.log}"

Mon Feb 16 00:25:42 +0000 2026 - Executing "openroad -exit /nix/store/xpc7xd67rslanlqh566s6jph53bn830w-openlane1-1.1.1/bin/scripts/openroad/resizer_routing_timing.tcl |& tee /dev/null /work/designs/fifo/runs/fifo_run1/logs/routing/20-resizer_timing.log"

Mon Feb 16 00:25:42 +0000 2026 - Executing "{openroad -exit /nix/store/xpc7xd67rslanlqh566s6jph53bn830w-openlane1-1.1.1/bin/scripts/openroad/resizer_routing_timing.tcl |& tee /dev/null /work/designs/fifo/runs/fifo_run1/logs/routing/20-resizer_timing.log}"

Mon Feb 16 00:25:48 +0000 2026 - Executing "{sed -i.bak -e {s/\(set ::env(CURRENT_NETLIST)\).*/\1 \/work\/designs\/fifo\/runs\/fifo_run1\/tmp\/20-FIFO.nl.v/} /work/designs/fifo/runs/fifo_run1/config.tcl}"

Mon Feb 16 00:25:49 +0000 2026 - Executing "openroad -exit /nix/store/xpc7xd67rslanlqh566s6jph53bn830w-openlane1-1.1.1/bin/scripts/openroad/sta/multi_corner.tcl |& tee /dev/null /work/designs/fifo/runs/fifo_run1/logs/routing/21-rsz_timing_sta.log"

Mon Feb 16 00:25:49 +0000 2026 - Executing "{openroad -exit /nix/store/xpc7xd67rslanlqh566s6jph53bn830w-openlane1-1.1.1/bin/scripts/openroad/sta/multi_corner.tcl |& tee /dev/null /work/designs/fifo/runs/fifo_run1/logs/routing/21-rsz_timing_sta.log}"

Mon Feb 16 00:25:50 +0000 2026 - Executing "openroad -exit /nix/store/xpc7xd67rslanlqh566s6jph53bn830w-openlane1-1.1.1/bin/scripts/openroad/repair_antennas.tcl |& tee /dev/null /work/designs/fifo/runs/fifo_run1/logs/routing/22-global.log"

Mon Feb 16 00:25:50 +0000 2026 - Executing "{openroad -exit /nix/store/xpc7xd67rslanlqh566s6jph53bn830w-openlane1-1.1.1/bin/scripts/openroad/repair_antennas.tcl |& tee /dev/null /work/designs/fifo/runs/fifo_run1/logs/routing/22-global.log}"

Mon Feb 16 00:25:52 +0000 2026 - Executing "openroad -exit /nix/store/xpc7xd67rslanlqh566s6jph53bn830w-openlane1-1.1.1/bin/scripts/openroad/write_views.tcl |& tee /dev/null /work/designs/fifo/runs/fifo_run1/logs/routing/22-global_write_netlist.log"

Mon Feb 16 00:25:52 +0000 2026 - Executing "{openroad -exit /nix/store/xpc7xd67rslanlqh566s6jph53bn830w-openlane1-1.1.1/bin/scripts/openroad/write_views.tcl |& tee /dev/null /work/designs/fifo/runs/fifo_run1/logs/routing/22-global_write_netlist.log}"

Mon Feb 16 00:25:53 +0000 2026 - Executing "{sed -i.bak -e {s/\(set ::env(CURRENT_NETLIST)\).*/\1 \/work\/designs\/fifo\/runs\/fifo_run1\/tmp\/routing\/global.nl.v/} /work/designs/fifo/runs/fifo_run1/config.tcl}"

Mon Feb 16 00:25:53 +0000 2026 - Executing "openroad -exit /nix/store/xpc7xd67rslanlqh566s6jph53bn830w-openlane1-1.1.1/bin/scripts/openroad/sta/multi_corner.tcl |& tee /dev/null /work/designs/fifo/runs/fifo_run1/logs/routing/24-grt_sta.log"

Mon Feb 16 00:25:53 +0000 2026 - Executing "{openroad -exit /nix/store/xpc7xd67rslanlqh566s6jph53bn830w-openlane1-1.1.1/bin/scripts/openroad/sta/multi_corner.tcl |& tee /dev/null /work/designs/fifo/runs/fifo_run1/logs/routing/24-grt_sta.log}"

Mon Feb 16 00:25:54 +0000 2026 - Executing "openroad -exit /nix/store/xpc7xd67rslanlqh566s6jph53bn830w-openlane1-1.1.1/bin/scripts/openroad/fill.tcl |& tee /dev/null /work/designs/fifo/runs/fifo_run1/logs/routing/25-fill.log"

Mon Feb 16 00:25:54 +0000 2026 - Executing "{openroad -exit /nix/store/xpc7xd67rslanlqh566s6jph53bn830w-openlane1-1.1.1/bin/scripts/openroad/fill.tcl |& tee /dev/null /work/designs/fifo/runs/fifo_run1/logs/routing/25-fill.log}"

Mon Feb 16 00:25:55 +0000 2026 - Executing "{sed -i.bak -e {s/\(set ::env(CURRENT_NETLIST)\).*/\1 \/work\/designs\/fifo\/runs\/fifo_run1\/tmp\/routing\/25-fill.nl.v/} /work/designs/fifo/runs/fifo_run1/config.tcl}"

Mon Feb 16 00:25:56 +0000 2026 - Executing "openroad -exit -metrics /work/designs/fifo/runs/fifo_run1/reports/routing/26-drt_metrics.json /nix/store/xpc7xd67rslanlqh566s6jph53bn830w-openlane1-1.1.1/bin/scripts/openroad/droute.tcl |& tee /dev/null /work/designs/fifo/runs/fifo_run1/logs/routing/26-detailed.log"

Mon Feb 16 00:25:56 +0000 2026 - Executing "{openroad -exit -metrics /work/designs/fifo/runs/fifo_run1/reports/routing/26-drt_metrics.json /nix/store/xpc7xd67rslanlqh566s6jph53bn830w-openlane1-1.1.1/bin/scripts/openroad/droute.tcl |& tee /dev/null /work/designs/fifo/runs/fifo_run1/logs/routing/26-detailed.log}"

Mon Feb 16 00:26:11 +0000 2026 - Executing "{sed -i.bak -e {s/\(set ::env(CURRENT_NETLIST)\).*/\1 \/work\/designs\/fifo\/runs\/fifo_run1\/results\/routing\/FIFO.nl.v/} /work/designs/fifo/runs/fifo_run1/config.tcl}"

Mon Feb 16 00:26:11 +0000 2026 - Executing "{python3 /nix/store/xpc7xd67rslanlqh566s6jph53bn830w-openlane1-1.1.1/bin/scripts/drc_rosetta.py tr to_klayout -o /work/designs/fifo/runs/fifo_run1/reports/routing/drt.klayout.xml --design-name FIFO /work/designs/fifo/runs/fifo_run1/reports/routing/drt.drc}"

Mon Feb 16 00:26:12 +0000 2026 - Executing "{openroad -exit -no_init -python /nix/store/xpc7xd67rslanlqh566s6jph53bn830w-openlane1-1.1.1/bin/scripts/odbpy/wire_lengths.py --report-out /work/designs/fifo/runs/fifo_run1/reports/routing/27-wire_lengths.csv --input-lef /work/designs/fifo/runs/fifo_run1/tmp/merged.nom.lef --output-def /work/designs/fifo/runs/fifo_run1/results/routing/FIFO.def --output /work/designs/fifo/runs/fifo_run1/results/routing/FIFO.odb /work/designs/fifo/runs/fifo_run1/results/routing/FIFO.odb |& tee /dev/null /work/designs/fifo/runs/fifo_run1/logs/routing/27-wire_lengths.log}"

Mon Feb 16 00:26:12 +0000 2026 - Executing "openroad -exit /nix/store/xpc7xd67rslanlqh566s6jph53bn830w-openlane1-1.1.1/bin/scripts/openroad/rcx.tcl |& tee /dev/null /work/designs/fifo/runs/fifo_run1/logs/signoff/28-parasitics_extraction.min.log"

Mon Feb 16 00:26:12 +0000 2026 - Executing "{openroad -exit /nix/store/xpc7xd67rslanlqh566s6jph53bn830w-openlane1-1.1.1/bin/scripts/openroad/rcx.tcl |& tee /dev/null /work/designs/fifo/runs/fifo_run1/logs/signoff/28-parasitics_extraction.min.log}"

Mon Feb 16 00:26:14 +0000 2026 - Executing "sta -exit -no_init /nix/store/xpc7xd67rslanlqh566s6jph53bn830w-openlane1-1.1.1/bin/scripts/openroad/sta/multi_corner.tcl |& tee /dev/null /work/designs/fifo/runs/fifo_run1/logs/signoff/29-rcx_mcsta.min.log"

Mon Feb 16 00:26:14 +0000 2026 - Executing "{sta -exit -no_init /nix/store/xpc7xd67rslanlqh566s6jph53bn830w-openlane1-1.1.1/bin/scripts/openroad/sta/multi_corner.tcl |& tee /dev/null /work/designs/fifo/runs/fifo_run1/logs/signoff/29-rcx_mcsta.min.log}"

Mon Feb 16 00:26:20 +0000 2026 - Executing "openroad -exit /nix/store/xpc7xd67rslanlqh566s6jph53bn830w-openlane1-1.1.1/bin/scripts/openroad/rcx.tcl |& tee /dev/null /work/designs/fifo/runs/fifo_run1/logs/signoff/30-parasitics_extraction.max.log"

Mon Feb 16 00:26:20 +0000 2026 - Executing "{openroad -exit /nix/store/xpc7xd67rslanlqh566s6jph53bn830w-openlane1-1.1.1/bin/scripts/openroad/rcx.tcl |& tee /dev/null /work/designs/fifo/runs/fifo_run1/logs/signoff/30-parasitics_extraction.max.log}"

Mon Feb 16 00:26:22 +0000 2026 - Executing "sta -exit -no_init /nix/store/xpc7xd67rslanlqh566s6jph53bn830w-openlane1-1.1.1/bin/scripts/openroad/sta/multi_corner.tcl |& tee /dev/null /work/designs/fifo/runs/fifo_run1/logs/signoff/31-rcx_mcsta.max.log"

Mon Feb 16 00:26:22 +0000 2026 - Executing "{sta -exit -no_init /nix/store/xpc7xd67rslanlqh566s6jph53bn830w-openlane1-1.1.1/bin/scripts/openroad/sta/multi_corner.tcl |& tee /dev/null /work/designs/fifo/runs/fifo_run1/logs/signoff/31-rcx_mcsta.max.log}"

Mon Feb 16 00:26:28 +0000 2026 - Executing "openroad -exit /nix/store/xpc7xd67rslanlqh566s6jph53bn830w-openlane1-1.1.1/bin/scripts/openroad/rcx.tcl |& tee /dev/null /work/designs/fifo/runs/fifo_run1/logs/signoff/32-parasitics_extraction.nom.log"

Mon Feb 16 00:26:28 +0000 2026 - Executing "{openroad -exit /nix/store/xpc7xd67rslanlqh566s6jph53bn830w-openlane1-1.1.1/bin/scripts/openroad/rcx.tcl |& tee /dev/null /work/designs/fifo/runs/fifo_run1/logs/signoff/32-parasitics_extraction.nom.log}"

Mon Feb 16 00:26:29 +0000 2026 - Executing "sta -exit -no_init /nix/store/xpc7xd67rslanlqh566s6jph53bn830w-openlane1-1.1.1/bin/scripts/openroad/sta/multi_corner.tcl |& tee /dev/null /work/designs/fifo/runs/fifo_run1/logs/signoff/33-rcx_mcsta.nom.log"

Mon Feb 16 00:26:29 +0000 2026 - Executing "{sta -exit -no_init /nix/store/xpc7xd67rslanlqh566s6jph53bn830w-openlane1-1.1.1/bin/scripts/openroad/sta/multi_corner.tcl |& tee /dev/null /work/designs/fifo/runs/fifo_run1/logs/signoff/33-rcx_mcsta.nom.log}"

Mon Feb 16 00:26:34 +0000 2026 - Executing "openroad -exit /nix/store/xpc7xd67rslanlqh566s6jph53bn830w-openlane1-1.1.1/bin/scripts/openroad/irdrop.tcl |& tee /dev/null /work/designs/fifo/runs/fifo_run1/logs/signoff/34-irdrop.log"

Mon Feb 16 00:26:34 +0000 2026 - Executing "{openroad -exit /nix/store/xpc7xd67rslanlqh566s6jph53bn830w-openlane1-1.1.1/bin/scripts/openroad/irdrop.tcl |& tee /dev/null /work/designs/fifo/runs/fifo_run1/logs/signoff/34-irdrop.log}"

Mon Feb 16 00:26:37 +0000 2026 - Executing "magic -noconsole -dnull -rcfile /root/.volare/volare/sky130/versions/bdc9412b3e468c102d01b7cf6337be06ec6e9c9a/sky130A/libs.tech/magic/sky130A.magicrc < /nix/store/xpc7xd67rslanlqh566s6jph53bn830w-openlane1-1.1.1/bin/scripts/magic/wrapper.tcl |& tee /dev/null /work/designs/fifo/runs/fifo_run1/logs/signoff/35-gdsii.log"

Mon Feb 16 00:26:37 +0000 2026 - Executing "{magic -noconsole -dnull -rcfile /root/.volare/volare/sky130/versions/bdc9412b3e468c102d01b7cf6337be06ec6e9c9a/sky130A/libs.tech/magic/sky130A.magicrc < /nix/store/xpc7xd67rslanlqh566s6jph53bn830w-openlane1-1.1.1/bin/scripts/magic/wrapper.tcl |& tee /dev/null /work/designs/fifo/runs/fifo_run1/logs/signoff/35-gdsii.log}"

Mon Feb 16 00:26:44 +0000 2026 - Executing "magic -noconsole -dnull -rcfile /root/.volare/volare/sky130/versions/bdc9412b3e468c102d01b7cf6337be06ec6e9c9a/sky130A/libs.tech/magic/sky130A.magicrc < /nix/store/xpc7xd67rslanlqh566s6jph53bn830w-openlane1-1.1.1/bin/scripts/magic/wrapper.tcl |& tee /dev/null /work/designs/fifo/runs/fifo_run1/logs/signoff/35-gds_ptrs.log"

Mon Feb 16 00:26:44 +0000 2026 - Executing "{magic -noconsole -dnull -rcfile /root/.volare/volare/sky130/versions/bdc9412b3e468c102d01b7cf6337be06ec6e9c9a/sky130A/libs.tech/magic/sky130A.magicrc < /nix/store/xpc7xd67rslanlqh566s6jph53bn830w-openlane1-1.1.1/bin/scripts/magic/wrapper.tcl |& tee /dev/null /work/designs/fifo/runs/fifo_run1/logs/signoff/35-gds_ptrs.log}"

Mon Feb 16 00:26:45 +0000 2026 - Executing "{sed -i.bak -n {/^<< properties >>/,/^<< end >>/p} /work/designs/fifo/runs/fifo_run1/tmp/signoff/gds_ptrs.mag}"

Mon Feb 16 00:26:45 +0000 2026 - Executing "magic -noconsole -dnull -rcfile /root/.volare/volare/sky130/versions/bdc9412b3e468c102d01b7cf6337be06ec6e9c9a/sky130A/libs.tech/magic/sky130A.magicrc < /nix/store/xpc7xd67rslanlqh566s6jph53bn830w-openlane1-1.1.1/bin/scripts/magic/wrapper.tcl |& tee /dev/null /work/designs/fifo/runs/fifo_run1/logs/signoff/35-lef.log"

Mon Feb 16 00:26:45 +0000 2026 - Executing "{magic -noconsole -dnull -rcfile /root/.volare/volare/sky130/versions/bdc9412b3e468c102d01b7cf6337be06ec6e9c9a/sky130A/libs.tech/magic/sky130A.magicrc < /nix/store/xpc7xd67rslanlqh566s6jph53bn830w-openlane1-1.1.1/bin/scripts/magic/wrapper.tcl |& tee /dev/null /work/designs/fifo/runs/fifo_run1/logs/signoff/35-lef.log}"

Mon Feb 16 00:26:50 +0000 2026 - Executing "magic -noconsole -dnull -rcfile /root/.volare/volare/sky130/versions/bdc9412b3e468c102d01b7cf6337be06ec6e9c9a/sky130A/libs.tech/magic/sky130A.magicrc < /nix/store/xpc7xd67rslanlqh566s6jph53bn830w-openlane1-1.1.1/bin/scripts/magic/wrapper.tcl |& tee /dev/null /work/designs/fifo/runs/fifo_run1/logs/signoff/35-maglef.log"

Mon Feb 16 00:26:50 +0000 2026 - Executing "{magic -noconsole -dnull -rcfile /root/.volare/volare/sky130/versions/bdc9412b3e468c102d01b7cf6337be06ec6e9c9a/sky130A/libs.tech/magic/sky130A.magicrc < /nix/store/xpc7xd67rslanlqh566s6jph53bn830w-openlane1-1.1.1/bin/scripts/magic/wrapper.tcl |& tee /dev/null /work/designs/fifo/runs/fifo_run1/logs/signoff/35-maglef.log}"

Mon Feb 16 00:26:50 +0000 2026 - Executing "{python3 /nix/store/xpc7xd67rslanlqh566s6jph53bn830w-openlane1-1.1.1/bin/scripts/klayout/stream_out.py --output /work/designs/fifo/runs/fifo_run1/results/signoff/FIFO.klayout.gds --lyt /root/.volare/volare/sky130/versions/bdc9412b3e468c102d01b7cf6337be06ec6e9c9a/sky130A/libs.tech/klayout/tech/sky130A.lyt --lym /root/.volare/volare/sky130/versions/bdc9412b3e468c102d01b7cf6337be06ec6e9c9a/sky130A/libs.tech/klayout/tech/sky130A.map --lyp /root/.volare/volare/sky130/versions/bdc9412b3e468c102d01b7cf6337be06ec6e9c9a/sky130A/libs.tech/klayout/tech/sky130A.lyp --top FIFO --with-gds-file /root/.volare/volare/sky130/versions/bdc9412b3e468c102d01b7cf6337be06ec6e9c9a/sky130A/libs.ref/sky130_fd_sc_hd/gds/sky130_fd_sc_hd.gds --input-lef /work/designs/fifo/runs/fifo_run1/tmp/merged.nom.lef /work/designs/fifo/runs/fifo_run1/results/routing/FIFO.def |& tee /dev/null /work/designs/fifo/runs/fifo_run1/logs/signoff/36-gdsii-klayout.log}"

Mon Feb 16 00:26:51 +0000 2026 - Executing "{klayout -b -r /nix/store/xpc7xd67rslanlqh566s6jph53bn830w-openlane1-1.1.1/bin/scripts/klayout/xor.drc -rd a=/work/designs/fifo/runs/fifo_run1/results/signoff/FIFO.gds -rd b=/work/designs/fifo/runs/fifo_run1/results/signoff/FIFO.klayout.gds -rd jobs=1 -rd rdb_out=/work/designs/fifo/runs/fifo_run1/reports/signoff/37-xor.xml -rd ignore=81/14 -rd rpt_out=/work/designs/fifo/runs/fifo_run1/reports/signoff/37-xor.rpt |& tee /dev/null /work/designs/fifo/runs/fifo_run1/logs/signoff/37-xor.log}"

Mon Feb 16 00:26:53 +0000 2026 - Executing "magic -noconsole -dnull -rcfile /root/.volare/volare/sky130/versions/bdc9412b3e468c102d01b7cf6337be06ec6e9c9a/sky130A/libs.tech/magic/sky130A.magicrc < /nix/store/xpc7xd67rslanlqh566s6jph53bn830w-openlane1-1.1.1/bin/scripts/magic/wrapper.tcl |& tee /dev/null /work/designs/fifo/runs/fifo_run1/logs/signoff/38-spice.log"

Mon Feb 16 00:26:53 +0000 2026 - Executing "{magic -noconsole -dnull -rcfile /root/.volare/volare/sky130/versions/bdc9412b3e468c102d01b7cf6337be06ec6e9c9a/sky130A/libs.tech/magic/sky130A.magicrc < /nix/store/xpc7xd67rslanlqh566s6jph53bn830w-openlane1-1.1.1/bin/scripts/magic/wrapper.tcl |& tee /dev/null /work/designs/fifo/runs/fifo_run1/logs/signoff/38-spice.log}"

Mon Feb 16 00:27:32 +0000 2026 - Executing "{openroad -exit -no_init -python /nix/store/xpc7xd67rslanlqh566s6jph53bn830w-openlane1-1.1.1/bin/scripts/odbpy/power_utils.py write_powered_def --output /work/designs/fifo/runs/fifo_run1/tmp/signoff/38-FIFO.p.def --input-lef /work/designs/fifo/runs/fifo_run1/tmp/merged.nom.lef --power-port VPWR --ground-port VGND --powered-netlist {} /work/designs/fifo/runs/fifo_run1/results/routing/FIFO.def |& tee /dev/null /work/designs/fifo/runs/fifo_run1/logs/signoff/39-write_powered_def.log}"

Mon Feb 16 00:27:32 +0000 2026 - Executing "openroad -exit /nix/store/xpc7xd67rslanlqh566s6jph53bn830w-openlane1-1.1.1/bin/scripts/openroad/write_views.tcl |& tee /dev/null /work/designs/fifo/runs/fifo_run1/logs/signoff/39-write_powered_verilog.log"

Mon Feb 16 00:27:32 +0000 2026 - Executing "{openroad -exit /nix/store/xpc7xd67rslanlqh566s6jph53bn830w-openlane1-1.1.1/bin/scripts/openroad/write_views.tcl |& tee /dev/null /work/designs/fifo/runs/fifo_run1/logs/signoff/39-write_powered_verilog.log}"

Mon Feb 16 00:27:33 +0000 2026 - Executing "{sed -i.bak -e {s/\(set ::env(CURRENT_NETLIST)\).*/\1 \/work\/designs\/fifo\/runs\/fifo_run1\/tmp\/signoff\/38-FIFO.nl.v/} /work/designs/fifo/runs/fifo_run1/config.tcl}"

Mon Feb 16 00:27:34 +0000 2026 - Executing "{netgen -batch source /work/designs/fifo/runs/fifo_run1/tmp/signoff/41-setup_file.lef.lvs |& tee /dev/null /work/designs/fifo/runs/fifo_run1/logs/signoff/41-lvs.lef.log}"

Mon Feb 16 00:27:34 +0000 2026 - Executing "magic -noconsole -dnull -rcfile /root/.volare/volare/sky130/versions/bdc9412b3e468c102d01b7cf6337be06ec6e9c9a/sky130A/libs.tech/magic/sky130A.magicrc < /nix/store/xpc7xd67rslanlqh566s6jph53bn830w-openlane1-1.1.1/bin/scripts/magic/wrapper.tcl |& tee /dev/null /work/designs/fifo/runs/fifo_run1/logs/signoff/42-drc.log"

Mon Feb 16 00:27:34 +0000 2026 - Executing "{magic -noconsole -dnull -rcfile /root/.volare/volare/sky130/versions/bdc9412b3e468c102d01b7cf6337be06ec6e9c9a/sky130A/libs.tech/magic/sky130A.magicrc < /nix/store/xpc7xd67rslanlqh566s6jph53bn830w-openlane1-1.1.1/bin/scripts/magic/wrapper.tcl |& tee /dev/null /work/designs/fifo/runs/fifo_run1/logs/signoff/42-drc.log}"

Mon Feb 16 00:27:38 +0000 2026 - Executing "{python3 /nix/store/xpc7xd67rslanlqh566s6jph53bn830w-openlane1-1.1.1/bin/scripts/drc_rosetta.py magic to_tcl -o /work/designs/fifo/runs/fifo_run1/reports/signoff/drc.tcl /work/designs/fifo/runs/fifo_run1/reports/signoff/drc.rpt}"

Mon Feb 16 00:27:38 +0000 2026 - Executing "{python3 /nix/store/xpc7xd67rslanlqh566s6jph53bn830w-openlane1-1.1.1/bin/scripts/drc_rosetta.py magic to_tr -o /work/designs/fifo/runs/fifo_run1/reports/signoff/drc.tr /work/designs/fifo/runs/fifo_run1/reports/signoff/drc.rpt}"

Mon Feb 16 00:27:38 +0000 2026 - Executing "{python3 /nix/store/xpc7xd67rslanlqh566s6jph53bn830w-openlane1-1.1.1/bin/scripts/drc_rosetta.py tr to_klayout -o /work/designs/fifo/runs/fifo_run1/reports/signoff/drc.klayout.xml --design-name FIFO /work/designs/fifo/runs/fifo_run1/reports/signoff/drc.tr}"

Mon Feb 16 00:27:38 +0000 2026 - Executing "{python3 /nix/store/xpc7xd67rslanlqh566s6jph53bn830w-openlane1-1.1.1/bin/scripts/drc_rosetta.py magic to_rdb -o /work/designs/fifo/runs/fifo_run1/reports/signoff/drc.rdb /work/designs/fifo/runs/fifo_run1/reports/signoff/drc.rpt}"

Mon Feb 16 00:27:38 +0000 2026 - Executing "{klayout -b -zz -r /root/.volare/volare/sky130/versions/bdc9412b3e468c102d01b7cf6337be06ec6e9c9a/sky130A/libs.tech/klayout/drc/sky130A_mr.drc -rd topcell=FIFO -rd input=/work/designs/fifo/runs/fifo_run1/results/signoff/FIFO.gds -rd report=/work/designs/fifo/runs/fifo_run1/reports/signoff/violations.xml -rd feol=true -rd beol=true -rd floating_metal=false -rd seal=true -rd thread=1 |& tee /dev/null /work/designs/fifo/runs/fifo_run1/logs/signoff/43-drc-klayout.log}"

Mon Feb 16 00:27:44 +0000 2026 - Executing "{python3 /nix/store/xpc7xd67rslanlqh566s6jph53bn830w-openlane1-1.1.1/bin/scripts/klayout/xml_drc_report_to_json.py --xml-file /work/designs/fifo/runs/fifo_run1/reports/signoff/violations.xml --json-file /work/designs/fifo/runs/fifo_run1/reports/signoff/violations.json}"

Mon Feb 16 00:27:44 +0000 2026 - Executing "openroad -exit /nix/store/xpc7xd67rslanlqh566s6jph53bn830w-openlane1-1.1.1/bin/scripts/openroad/antenna_check.tcl |& tee /dev/null /work/designs/fifo/runs/fifo_run1/logs/signoff/44-arc.log"

Mon Feb 16 00:27:44 +0000 2026 - Executing "{openroad -exit /nix/store/xpc7xd67rslanlqh566s6jph53bn830w-openlane1-1.1.1/bin/scripts/openroad/antenna_check.tcl |& tee /dev/null /work/designs/fifo/runs/fifo_run1/logs/signoff/44-arc.log}"

Mon Feb 16 00:27:46 +0000 2026 - Executing "{python3 /nix/store/xpc7xd67rslanlqh566s6jph53bn830w-openlane1-1.1.1/bin/scripts/extract_antenna_violators.py --output /work/designs/fifo/runs/fifo_run1/reports/signoff/44-antenna_violators.rpt --plain-out /work/designs/fifo/runs/fifo_run1/reports/signoff/44-antenna_violators_pins.txt /work/designs/fifo/runs/fifo_run1/logs/signoff/44-arc.log}"

Mon Feb 16 00:27:49 +0000 2026 - Executing "{python3 /nix/store/xpc7xd67rslanlqh566s6jph53bn830w-openlane1-1.1.1/bin/scripts/write_runtime.py --conclude --seconds --time-in 1771201669 {flow completed}}"

Mon Feb 16 00:27:57 +0000 2026 - Executing "{python3 /nix/store/xpc7xd67rslanlqh566s6jph53bn830w-openlane1-1.1.1/bin/scripts/generate_reports.py -d /work/designs/fifo --design_name FIFO --tag fifo_run1 --output_file /work/designs/fifo/runs/fifo_run1/reports/metrics.csv --man_report /work/designs/fifo/runs/fifo_run1/reports/manufacturability.rpt --run_path /work/designs/fifo/runs/fifo_run1}"

