OpenROAD b16bda7e82721d10566ff7e2b68f1ff0be9f9e38 
Features included (+) or not (-): +Charts +GPU +GUI +Python
This program is licensed under the BSD-3 license. See the LICENSE file for details.
Components of this program may be licensed under more restrictive licenses which must be honored.
define_corners Typical
read_liberty -corner Typical /root/.volare/volare/sky130/versions/bdc9412b3e468c102d01b7cf6337be06ec6e9c9a/sky130A/libs.ref/sky130_fd_sc_hd/lib/sky130_fd_sc_hd__tt_025C_1v80.lib
Using 1e-12 for capacitance...
Using 1e+03 for resistance...
Using 1e-09 for time...
Using 1e+00 for voltage...
Using 1e-03 for current...
Using 1e-09 for power...
Using 1e-06 for distance...
[INFO]: Reading ODB at '/work/designs/fifo/runs/fifo_run1/tmp/placement/12-resizer.odb'…
Reading design constraints file at '/nix/store/xpc7xd67rslanlqh566s6jph53bn830w-openlane1-1.1.1/bin/scripts/base.sdc'…
[INFO]: Setting output delay to: 2.0
[INFO]: Setting input delay to: 2.0
[INFO]: Setting load to: 0.033442
[INFO]: Setting clock uncertainty to: 0.25
[INFO]: Setting clock transition to: 0.15
[INFO]: Setting timing derate to: 5.0 %
Placement Analysis
---------------------------------
total displacement          0.0 u
average displacement        0.0 u
max displacement            0.0 u
original HPWL           15994.5 u
legalized HPWL          16221.3 u
delta HPWL                    1 %

[INFO DPL-0020] Mirrored 160 instances
[INFO DPL-0021] HPWL before           16221.3 u
[INFO DPL-0022] HPWL after            15994.5 u
[INFO DPL-0023] HPWL delta               -1.4 %
Setting global connections for newly added cells…
Writing OpenROAD database to '/work/designs/fifo/runs/fifo_run1/results/placement/FIFO.odb'…
Writing netlist to '/work/designs/fifo/runs/fifo_run1/results/placement/FIFO.nl.v'…
Writing powered netlist to '/work/designs/fifo/runs/fifo_run1/results/placement/FIFO.pnl.v'…
Writing layout to '/work/designs/fifo/runs/fifo_run1/results/placement/FIFO.def'…
