
 /----------------------------------------------------------------------------\
 |                                                                            |
 |  yosys -- Yosys Open SYnthesis Suite                                       |
 |                                                                            |
 |  Copyright (C) 2012 - 2020  Claire Xenia Wolf <claire@yosyshq.com>         |
 |                                                                            |
 |  Permission to use, copy, modify, and/or distribute this software for any  |
 |  purpose with or without fee is hereby granted, provided that the above    |
 |  copyright notice and this permission notice appear in all copies.         |
 |                                                                            |
 |  THE SOFTWARE IS PROVIDED "AS IS" AND THE AUTHOR DISCLAIMS ALL WARRANTIES  |
 |  WITH REGARD TO THIS SOFTWARE INCLUDING ALL IMPLIED WARRANTIES OF          |
 |  MERCHANTABILITY AND FITNESS. IN NO EVENT SHALL THE AUTHOR BE LIABLE FOR   |
 |  ANY SPECIAL, DIRECT, INDIRECT, OR CONSEQUENTIAL DAMAGES OR ANY DAMAGES    |
 |  WHATSOEVER RESULTING FROM LOSS OF USE, DATA OR PROFITS, WHETHER IN AN     |
 |  ACTION OF CONTRACT, NEGLIGENCE OR OTHER TORTIOUS ACTION, ARISING OUT OF   |
 |  OR IN CONNECTION WITH THE USE OR PERFORMANCE OF THIS SOFTWARE.            |
 |                                                                            |
 \----------------------------------------------------------------------------/

 Yosys 0.38 (git sha1 543faed9c8c, clang++ 17.0.6 -fPIC -Os)

[TCL: yosys -import] Command name collision: found pre-existing command `cd' -> skip.
[TCL: yosys -import] Command name collision: found pre-existing command `eval' -> skip.
[TCL: yosys -import] Command name collision: found pre-existing command `exec' -> skip.
[TCL: yosys -import] Command name collision: found pre-existing command `read' -> skip.
[TCL: yosys -import] Command name collision: found pre-existing command `trace' -> skip.

1. Executing Liberty frontend: /root/.volare/volare/sky130/versions/bdc9412b3e468c102d01b7cf6337be06ec6e9c9a/sky130A/libs.ref/sky130_fd_sc_hd/lib/sky130_fd_sc_hd__tt_025C_1v80.lib
Imported 428 cell types from liberty file.

2. Executing Verilog-2005 frontend: /work/designs/fifo/src/fifo.v
Parsing SystemVerilog input from `/work/designs/fifo/src/fifo.v' to AST representation.
Storing AST representation for module `$abstract\FIFO'.
Successfully finished Verilog frontend.

3. Executing HIERARCHY pass (managing design hierarchy).

4. Executing AST frontend in derive mode using pre-parsed AST for module `\FIFO'.
Generating RTLIL representation for module `\FIFO'.
Warning: Replacing memory \mem with list of registers. See /work/designs/fifo/src/fifo.v:34

4.1. Analyzing design hierarchy..
Top module:  \FIFO

4.2. Analyzing design hierarchy..
Top module:  \FIFO
Removing unused module `$abstract\FIFO'.
Removed 1 unused modules.

5. Generating Graphviz representation of design.
Writing dot description to `/work/designs/fifo/runs/fifo_run1/tmp/synthesis/hierarchy.dot'.
Dumping module FIFO to page 1.
Renaming module FIFO to FIFO.

6. Executing TRIBUF pass.

7. Executing HIERARCHY pass (managing design hierarchy).

7.1. Analyzing design hierarchy..
Top module:  \FIFO

7.2. Analyzing design hierarchy..
Top module:  \FIFO
Removed 0 unused modules.

8. Executing PROC_CLEAN pass (remove empty switches from decision trees).
Cleaned up 0 empty switches.

9. Executing PROC_RMDEAD pass (remove dead branches from decision trees).
Removed 1 dead cases from process $proc$/work/designs/fifo/src/fifo.v:26$9 in module FIFO.
Marked 6 switch rules as full_case in process $proc$/work/designs/fifo/src/fifo.v:26$9 in module FIFO.
Removed a total of 1 dead cases.

10. Executing PROC_PRUNE pass (remove redundant assignments in processes).
Removed 1 redundant assignment.
Promoted 4 assignments to connections.

11. Executing PROC_INIT pass (extract init attributes).

12. Executing PROC_ARST pass (detect async resets in processes).
Found async reset \reset_n in `\FIFO.$proc$/work/designs/fifo/src/fifo.v:26$9'.

13. Executing PROC_ROM pass (convert switches to ROMs).
Converted 0 switches.
<suppressed ~5 debug messages>

14. Executing PROC_MUX pass (convert decision trees to multiplexers).
Creating decoders for process `\FIFO.$proc$/work/designs/fifo/src/fifo.v:26$9'.
     1/29: $0\count[4:0]
     2/29: $3$mem2reg_rd$\mem$/work/designs/fifo/src/fifo.v:39$2_DATA[7:0]$24
     3/29: $2$mem2reg_rd$\mem$/work/designs/fifo/src/fifo.v:39$2_DATA[7:0]$23
     4/29: $2$mem2reg_rd$\mem$/work/designs/fifo/src/fifo.v:39$2_ADDR[3:0]$22
     5/29: $2$mem2reg_wr$\mem$/work/designs/fifo/src/fifo.v:34$1_ADDR[3:0]$19
     6/29: $2$mem2reg_wr$\mem$/work/designs/fifo/src/fifo.v:34$1_DATA[7:0]$20
     7/29: $1$mem2reg_rd$\mem$/work/designs/fifo/src/fifo.v:39$2_DATA[7:0]$18
     8/29: $1$mem2reg_rd$\mem$/work/designs/fifo/src/fifo.v:39$2_ADDR[3:0]$17
     9/29: $1$mem2reg_wr$\mem$/work/designs/fifo/src/fifo.v:34$1_DATA[7:0]$16
    10/29: $1$mem2reg_wr$\mem$/work/designs/fifo/src/fifo.v:34$1_ADDR[3:0]$15
    11/29: $0\mem[15][7:0]
    12/29: $0\mem[14][7:0]
    13/29: $0\mem[13][7:0]
    14/29: $0\mem[12][7:0]
    15/29: $0\mem[11][7:0]
    16/29: $0\mem[10][7:0]
    17/29: $0\mem[9][7:0]
    18/29: $0\mem[8][7:0]
    19/29: $0\mem[7][7:0]
    20/29: $0\mem[6][7:0]
    21/29: $0\mem[5][7:0]
    22/29: $0\mem[4][7:0]
    23/29: $0\mem[3][7:0]
    24/29: $0\mem[2][7:0]
    25/29: $0\mem[1][7:0]
    26/29: $0\mem[0][7:0]
    27/29: $0\rd_ptr[3:0]
    28/29: $0\wr_ptr[3:0]
    29/29: $0\dout[7:0]

15. Executing PROC_DLATCH pass (convert process syncs to latches).

16. Executing PROC_DFF pass (convert process syncs to FFs).
Creating register for signal `\FIFO.\dout' using process `\FIFO.$proc$/work/designs/fifo/src/fifo.v:26$9'.
  created $adff cell `$procdff$273' with positive edge clock and negative level reset.
Creating register for signal `\FIFO.\wr_ptr' using process `\FIFO.$proc$/work/designs/fifo/src/fifo.v:26$9'.
  created $adff cell `$procdff$274' with positive edge clock and negative level reset.
Creating register for signal `\FIFO.\rd_ptr' using process `\FIFO.$proc$/work/designs/fifo/src/fifo.v:26$9'.
  created $adff cell `$procdff$275' with positive edge clock and negative level reset.
Creating register for signal `\FIFO.\count' using process `\FIFO.$proc$/work/designs/fifo/src/fifo.v:26$9'.
  created $adff cell `$procdff$276' with positive edge clock and negative level reset.
Creating register for signal `\FIFO.\mem[0]' using process `\FIFO.$proc$/work/designs/fifo/src/fifo.v:26$9'.
  created $dff cell `$procdff$279' with positive edge clock.
Creating register for signal `\FIFO.\mem[1]' using process `\FIFO.$proc$/work/designs/fifo/src/fifo.v:26$9'.
  created $dff cell `$procdff$282' with positive edge clock.
Creating register for signal `\FIFO.\mem[2]' using process `\FIFO.$proc$/work/designs/fifo/src/fifo.v:26$9'.
  created $dff cell `$procdff$285' with positive edge clock.
Creating register for signal `\FIFO.\mem[3]' using process `\FIFO.$proc$/work/designs/fifo/src/fifo.v:26$9'.
  created $dff cell `$procdff$288' with positive edge clock.
Creating register for signal `\FIFO.\mem[4]' using process `\FIFO.$proc$/work/designs/fifo/src/fifo.v:26$9'.
  created $dff cell `$procdff$291' with positive edge clock.
Creating register for signal `\FIFO.\mem[5]' using process `\FIFO.$proc$/work/designs/fifo/src/fifo.v:26$9'.
  created $dff cell `$procdff$294' with positive edge clock.
Creating register for signal `\FIFO.\mem[6]' using process `\FIFO.$proc$/work/designs/fifo/src/fifo.v:26$9'.
  created $dff cell `$procdff$297' with positive edge clock.
Creating register for signal `\FIFO.\mem[7]' using process `\FIFO.$proc$/work/designs/fifo/src/fifo.v:26$9'.
  created $dff cell `$procdff$300' with positive edge clock.
Creating register for signal `\FIFO.\mem[8]' using process `\FIFO.$proc$/work/designs/fifo/src/fifo.v:26$9'.
  created $dff cell `$procdff$303' with positive edge clock.
Creating register for signal `\FIFO.\mem[9]' using process `\FIFO.$proc$/work/designs/fifo/src/fifo.v:26$9'.
  created $dff cell `$procdff$306' with positive edge clock.
Creating register for signal `\FIFO.\mem[10]' using process `\FIFO.$proc$/work/designs/fifo/src/fifo.v:26$9'.
  created $dff cell `$procdff$309' with positive edge clock.
Creating register for signal `\FIFO.\mem[11]' using process `\FIFO.$proc$/work/designs/fifo/src/fifo.v:26$9'.
  created $dff cell `$procdff$312' with positive edge clock.
Creating register for signal `\FIFO.\mem[12]' using process `\FIFO.$proc$/work/designs/fifo/src/fifo.v:26$9'.
  created $dff cell `$procdff$315' with positive edge clock.
Creating register for signal `\FIFO.\mem[13]' using process `\FIFO.$proc$/work/designs/fifo/src/fifo.v:26$9'.
  created $dff cell `$procdff$318' with positive edge clock.
Creating register for signal `\FIFO.\mem[14]' using process `\FIFO.$proc$/work/designs/fifo/src/fifo.v:26$9'.
  created $dff cell `$procdff$321' with positive edge clock.
Creating register for signal `\FIFO.\mem[15]' using process `\FIFO.$proc$/work/designs/fifo/src/fifo.v:26$9'.
  created $dff cell `$procdff$324' with positive edge clock.
Creating register for signal `\FIFO.$mem2reg_wr$\mem$/work/designs/fifo/src/fifo.v:34$1_ADDR' using process `\FIFO.$proc$/work/designs/fifo/src/fifo.v:26$9'.
  created $adff cell `$procdff$325' with positive edge clock and negative level reset.
Creating register for signal `\FIFO.$mem2reg_wr$\mem$/work/designs/fifo/src/fifo.v:34$1_DATA' using process `\FIFO.$proc$/work/designs/fifo/src/fifo.v:26$9'.
  created $adff cell `$procdff$326' with positive edge clock and negative level reset.
Creating register for signal `\FIFO.$mem2reg_rd$\mem$/work/designs/fifo/src/fifo.v:39$2_ADDR' using process `\FIFO.$proc$/work/designs/fifo/src/fifo.v:26$9'.
  created $adff cell `$procdff$327' with positive edge clock and negative level reset.
Creating register for signal `\FIFO.$mem2reg_rd$\mem$/work/designs/fifo/src/fifo.v:39$2_DATA' using process `\FIFO.$proc$/work/designs/fifo/src/fifo.v:26$9'.
  created $adff cell `$procdff$328' with positive edge clock and negative level reset.

17. Executing PROC_MEMWR pass (convert process memory writes to cells).

18. Executing PROC_CLEAN pass (remove empty switches from decision trees).
Found and cleaned up 5 empty switches in `\FIFO.$proc$/work/designs/fifo/src/fifo.v:26$9'.
Removing empty process `FIFO.$proc$/work/designs/fifo/src/fifo.v:26$9'.
Cleaned up 5 empty switches.

19. Executing CHECK pass (checking for obvious problems).
Checking module FIFO...
Found and reported 0 problems.

20. Executing OPT_EXPR pass (perform const folding).
Optimizing module FIFO.
<suppressed ~3 debug messages>

21. Executing FLATTEN pass (flatten design).

22. Executing OPT_EXPR pass (perform const folding).
Optimizing module FIFO.

23. Executing OPT_CLEAN pass (remove unused cells and wires).
Finding unused cells or wires in module \FIFO..
Removed 9 unused cells and 70 unused wires.
<suppressed ~10 debug messages>

24. Executing OPT pass (performing simple optimizations).

24.1. Executing OPT_EXPR pass (perform const folding).
Optimizing module FIFO.

24.2. Executing OPT_MERGE pass (detect identical cells).
Finding identical cells in module `\FIFO'.
Removed a total of 0 cells.

24.3. Executing OPT_MUXTREE pass (detect dead branches in mux trees).
Running muxtree optimizer on module \FIFO..
  Creating internal representation of mux trees.
  Evaluating internal representation of mux trees.
  Analyzing evaluation results.
    dead port 2/2 on $mux $procmux$50.
Removed 1 multiplexer ports.
<suppressed ~20 debug messages>

24.4. Executing OPT_REDUCE pass (consolidate $*mux and $reduce_* inputs).
  Optimizing cells in module \FIFO.
Performed a total of 0 changes.

24.5. Executing OPT_MERGE pass (detect identical cells).
Finding identical cells in module `\FIFO'.
Removed a total of 0 cells.

24.6. Executing OPT_DFF pass (perform DFF optimizations).

24.7. Executing OPT_CLEAN pass (remove unused cells and wires).
Finding unused cells or wires in module \FIFO..
Removed 0 unused cells and 1 unused wires.
<suppressed ~1 debug messages>

24.8. Executing OPT_EXPR pass (perform const folding).
Optimizing module FIFO.

24.9. Rerunning OPT passes. (Maybe there is more to do..)

24.10. Executing OPT_MUXTREE pass (detect dead branches in mux trees).
Running muxtree optimizer on module \FIFO..
  Creating internal representation of mux trees.
  Evaluating internal representation of mux trees.
  Analyzing evaluation results.
Removed 0 multiplexer ports.
<suppressed ~20 debug messages>

24.11. Executing OPT_REDUCE pass (consolidate $*mux and $reduce_* inputs).
  Optimizing cells in module \FIFO.
Performed a total of 0 changes.

24.12. Executing OPT_MERGE pass (detect identical cells).
Finding identical cells in module `\FIFO'.
Removed a total of 0 cells.

24.13. Executing OPT_DFF pass (perform DFF optimizations).

24.14. Executing OPT_CLEAN pass (remove unused cells and wires).
Finding unused cells or wires in module \FIFO..

24.15. Executing OPT_EXPR pass (perform const folding).
Optimizing module FIFO.

24.16. Finished OPT passes. (There is nothing left to do.)

25. Executing FSM pass (extract and optimize FSM).

25.1. Executing FSM_DETECT pass (finding FSMs in design).

25.2. Executing FSM_EXTRACT pass (extracting FSM from design).

25.3. Executing FSM_OPT pass (simple optimizations of FSMs).

25.4. Executing OPT_CLEAN pass (remove unused cells and wires).
Finding unused cells or wires in module \FIFO..

25.5. Executing FSM_OPT pass (simple optimizations of FSMs).

25.6. Executing FSM_RECODE pass (re-assigning FSM state encoding).

25.7. Executing FSM_INFO pass (dumping all available information on FSM cells).

25.8. Executing FSM_MAP pass (mapping FSMs to basic logic).

26. Executing OPT pass (performing simple optimizations).

26.1. Executing OPT_EXPR pass (perform const folding).
Optimizing module FIFO.

26.2. Executing OPT_MERGE pass (detect identical cells).
Finding identical cells in module `\FIFO'.
Removed a total of 0 cells.

26.3. Executing OPT_MUXTREE pass (detect dead branches in mux trees).
Running muxtree optimizer on module \FIFO..
  Creating internal representation of mux trees.
  Evaluating internal representation of mux trees.
  Analyzing evaluation results.
Removed 0 multiplexer ports.
<suppressed ~20 debug messages>

26.4. Executing OPT_REDUCE pass (consolidate $*mux and $reduce_* inputs).
  Optimizing cells in module \FIFO.
Performed a total of 0 changes.

26.5. Executing OPT_MERGE pass (detect identical cells).
Finding identical cells in module `\FIFO'.
Removed a total of 0 cells.

26.6. Executing OPT_DFF pass (perform DFF optimizations).
Adding EN signal on $procdff$324 ($dff) from module FIFO (D = \din, Q = \mem[15]).
Adding EN signal on $procdff$321 ($dff) from module FIFO (D = \din, Q = \mem[14]).
Adding EN signal on $procdff$318 ($dff) from module FIFO (D = \din, Q = \mem[13]).
Adding EN signal on $procdff$315 ($dff) from module FIFO (D = \din, Q = \mem[12]).
Adding EN signal on $procdff$312 ($dff) from module FIFO (D = \din, Q = \mem[11]).
Adding EN signal on $procdff$309 ($dff) from module FIFO (D = \din, Q = \mem[10]).
Adding EN signal on $procdff$306 ($dff) from module FIFO (D = \din, Q = \mem[9]).
Adding EN signal on $procdff$303 ($dff) from module FIFO (D = \din, Q = \mem[8]).
Adding EN signal on $procdff$300 ($dff) from module FIFO (D = \din, Q = \mem[7]).
Adding EN signal on $procdff$297 ($dff) from module FIFO (D = \din, Q = \mem[6]).
Adding EN signal on $procdff$294 ($dff) from module FIFO (D = \din, Q = \mem[5]).
Adding EN signal on $procdff$291 ($dff) from module FIFO (D = \din, Q = \mem[4]).
Adding EN signal on $procdff$288 ($dff) from module FIFO (D = \din, Q = \mem[3]).
Adding EN signal on $procdff$285 ($dff) from module FIFO (D = \din, Q = \mem[2]).
Adding EN signal on $procdff$282 ($dff) from module FIFO (D = \din, Q = \mem[1]).
Adding EN signal on $procdff$279 ($dff) from module FIFO (D = \din, Q = \mem[0]).
Adding EN signal on $procdff$276 ($adff) from module FIFO (D = $0\count[4:0], Q = \count).
Adding EN signal on $procdff$275 ($adff) from module FIFO (D = $add$/work/designs/fifo/src/fifo.v:40$25_Y [3:0], Q = \rd_ptr).
Adding EN signal on $procdff$274 ($adff) from module FIFO (D = $add$/work/designs/fifo/src/fifo.v:35$21_Y [3:0], Q = \wr_ptr).
Adding EN signal on $procdff$273 ($adff) from module FIFO (D = $3$mem2reg_rd$\mem$/work/designs/fifo/src/fifo.v:39$2_DATA[7:0]$24, Q = \dout).

26.7. Executing OPT_CLEAN pass (remove unused cells and wires).
Finding unused cells or wires in module \FIFO..
Removed 51 unused cells and 51 unused wires.
<suppressed ~52 debug messages>

26.8. Executing OPT_EXPR pass (perform const folding).
Optimizing module FIFO.
<suppressed ~1 debug messages>

26.9. Rerunning OPT passes. (Maybe there is more to do..)

26.10. Executing OPT_MUXTREE pass (detect dead branches in mux trees).
Running muxtree optimizer on module \FIFO..
  Creating internal representation of mux trees.
  Evaluating internal representation of mux trees.
  Analyzing evaluation results.
Removed 0 multiplexer ports.
<suppressed ~2 debug messages>

26.11. Executing OPT_REDUCE pass (consolidate $*mux and $reduce_* inputs).
  Optimizing cells in module \FIFO.
Performed a total of 0 changes.

26.12. Executing OPT_MERGE pass (detect identical cells).
Finding identical cells in module `\FIFO'.
Removed a total of 0 cells.

26.13. Executing OPT_DFF pass (perform DFF optimizations).

26.14. Executing OPT_CLEAN pass (remove unused cells and wires).
Finding unused cells or wires in module \FIFO..

26.15. Executing OPT_EXPR pass (perform const folding).
Optimizing module FIFO.

26.16. Finished OPT passes. (There is nothing left to do.)

27. Executing WREDUCE pass (reducing word size of cells).
Removed top 31 bits (of 32) from port B of cell FIFO.$add$/work/designs/fifo/src/fifo.v:35$21 ($add).
Removed top 28 bits (of 32) from port Y of cell FIFO.$add$/work/designs/fifo/src/fifo.v:35$21 ($add).
Removed top 31 bits (of 32) from port B of cell FIFO.$add$/work/designs/fifo/src/fifo.v:40$25 ($add).
Removed top 28 bits (of 32) from port Y of cell FIFO.$add$/work/designs/fifo/src/fifo.v:40$25 ($add).
Removed top 31 bits (of 32) from port B of cell FIFO.$add$/work/designs/fifo/src/fifo.v:44$26 ($add).
Removed top 27 bits (of 32) from port Y of cell FIFO.$add$/work/designs/fifo/src/fifo.v:44$26 ($add).
Removed top 31 bits (of 32) from port B of cell FIFO.$sub$/work/designs/fifo/src/fifo.v:45$27 ($sub).
Removed top 27 bits (of 32) from port Y of cell FIFO.$sub$/work/designs/fifo/src/fifo.v:45$27 ($sub).
Removed top 1 bits (of 2) from port B of cell FIFO.$procmux$30_CMP0 ($eq).
Removed top 1 bits (of 4) from port B of cell FIFO.$procmux$42_CMP0 ($eq).
Removed top 1 bits (of 4) from port B of cell FIFO.$procmux$43_CMP0 ($eq).
Removed top 1 bits (of 4) from port B of cell FIFO.$procmux$44_CMP0 ($eq).
Removed top 1 bits (of 4) from port B of cell FIFO.$procmux$45_CMP0 ($eq).
Removed top 2 bits (of 4) from port B of cell FIFO.$procmux$46_CMP0 ($eq).
Removed top 2 bits (of 4) from port B of cell FIFO.$procmux$47_CMP0 ($eq).
Removed top 3 bits (of 4) from port B of cell FIFO.$procmux$48_CMP0 ($eq).
Removed top 1 bits (of 4) from port B of cell FIFO.$procmux$142_CMP0 ($eq).
Removed top 1 bits (of 4) from port B of cell FIFO.$procmux$156_CMP0 ($eq).
Removed top 1 bits (of 4) from port B of cell FIFO.$procmux$171_CMP0 ($eq).
Removed top 1 bits (of 4) from port B of cell FIFO.$procmux$187_CMP0 ($eq).
Removed top 2 bits (of 4) from port B of cell FIFO.$procmux$204_CMP0 ($eq).
Removed top 2 bits (of 4) from port B of cell FIFO.$procmux$222_CMP0 ($eq).
Removed top 3 bits (of 4) from port B of cell FIFO.$procmux$241_CMP0 ($eq).
Removed top 28 bits (of 32) from wire FIFO.$add$/work/designs/fifo/src/fifo.v:35$21_Y.
Removed top 28 bits (of 32) from wire FIFO.$add$/work/designs/fifo/src/fifo.v:40$25_Y.
Removed top 27 bits (of 32) from wire FIFO.$add$/work/designs/fifo/src/fifo.v:44$26_Y.
Removed top 27 bits (of 32) from wire FIFO.$sub$/work/designs/fifo/src/fifo.v:45$27_Y.

28. Executing PEEPOPT pass (run peephole optimizers).

29. Executing OPT_CLEAN pass (remove unused cells and wires).
Finding unused cells or wires in module \FIFO..
Removed 0 unused cells and 4 unused wires.
<suppressed ~1 debug messages>

30. Executing ALUMACC pass (create $alu and $macc cells).
Extracting $alu and $macc cells in module FIFO:
  creating $macc model for $add$/work/designs/fifo/src/fifo.v:35$21 ($add).
  creating $macc model for $add$/work/designs/fifo/src/fifo.v:40$25 ($add).
  creating $macc model for $add$/work/designs/fifo/src/fifo.v:44$26 ($add).
  creating $macc model for $sub$/work/designs/fifo/src/fifo.v:45$27 ($sub).
  creating $alu model for $macc $sub$/work/designs/fifo/src/fifo.v:45$27.
  creating $alu model for $macc $add$/work/designs/fifo/src/fifo.v:44$26.
  creating $alu model for $macc $add$/work/designs/fifo/src/fifo.v:40$25.
  creating $alu model for $macc $add$/work/designs/fifo/src/fifo.v:35$21.
  creating $alu cell for $add$/work/designs/fifo/src/fifo.v:35$21: $auto$alumacc.cc:485:replace_alu$387
  creating $alu cell for $add$/work/designs/fifo/src/fifo.v:40$25: $auto$alumacc.cc:485:replace_alu$390
  creating $alu cell for $add$/work/designs/fifo/src/fifo.v:44$26: $auto$alumacc.cc:485:replace_alu$393
  creating $alu cell for $sub$/work/designs/fifo/src/fifo.v:45$27: $auto$alumacc.cc:485:replace_alu$396
  created 4 $alu and 0 $macc cells.

31. Executing SHARE pass (SAT-based resource sharing).

32. Executing OPT pass (performing simple optimizations).

32.1. Executing OPT_EXPR pass (perform const folding).
Optimizing module FIFO.

32.2. Executing OPT_MERGE pass (detect identical cells).
Finding identical cells in module `\FIFO'.
Removed a total of 0 cells.

32.3. Executing OPT_MUXTREE pass (detect dead branches in mux trees).
Running muxtree optimizer on module \FIFO..
  Creating internal representation of mux trees.
  Evaluating internal representation of mux trees.
  Analyzing evaluation results.
Removed 0 multiplexer ports.
<suppressed ~2 debug messages>

32.4. Executing OPT_REDUCE pass (consolidate $*mux and $reduce_* inputs).
  Optimizing cells in module \FIFO.
Performed a total of 0 changes.

32.5. Executing OPT_MERGE pass (detect identical cells).
Finding identical cells in module `\FIFO'.
Removed a total of 0 cells.

32.6. Executing OPT_DFF pass (perform DFF optimizations).

32.7. Executing OPT_CLEAN pass (remove unused cells and wires).
Finding unused cells or wires in module \FIFO..

32.8. Executing OPT_EXPR pass (perform const folding).
Optimizing module FIFO.

32.9. Finished OPT passes. (There is nothing left to do.)

33. Executing MEMORY pass.

33.1. Executing OPT_MEM pass (optimize memories).
Performed a total of 0 transformations.

33.2. Executing OPT_MEM_PRIORITY pass (removing unnecessary memory write priority relations).
Performed a total of 0 transformations.

33.3. Executing OPT_MEM_FEEDBACK pass (finding memory read-to-write feedback paths).

33.4. Executing MEMORY_BMUX2ROM pass (converting muxes to ROMs).

33.5. Executing MEMORY_DFF pass (merging $dff cells to $memrd).

33.6. Executing OPT_CLEAN pass (remove unused cells and wires).
Finding unused cells or wires in module \FIFO..

33.7. Executing MEMORY_SHARE pass (consolidating $memrd/$memwr cells).

33.8. Executing OPT_MEM_WIDEN pass (optimize memories where all ports are wide).
Performed a total of 0 transformations.

33.9. Executing OPT_CLEAN pass (remove unused cells and wires).
Finding unused cells or wires in module \FIFO..

33.10. Executing MEMORY_COLLECT pass (generating $mem cells).

34. Executing OPT_CLEAN pass (remove unused cells and wires).
Finding unused cells or wires in module \FIFO..

35. Executing OPT pass (performing simple optimizations).

35.1. Executing OPT_EXPR pass (perform const folding).
Optimizing module FIFO.
<suppressed ~2 debug messages>

35.2. Executing OPT_MERGE pass (detect identical cells).
Finding identical cells in module `\FIFO'.
Removed a total of 0 cells.

35.3. Executing OPT_DFF pass (perform DFF optimizations).

35.4. Executing OPT_CLEAN pass (remove unused cells and wires).
Finding unused cells or wires in module \FIFO..
Removed 1 unused cells and 1 unused wires.
<suppressed ~2 debug messages>

35.5. Finished fast OPT passes.

36. Executing MEMORY_MAP pass (converting memories to logic and flip-flops).

37. Executing OPT pass (performing simple optimizations).

37.1. Executing OPT_EXPR pass (perform const folding).
Optimizing module FIFO.

37.2. Executing OPT_MERGE pass (detect identical cells).
Finding identical cells in module `\FIFO'.
Removed a total of 0 cells.

37.3. Executing OPT_MUXTREE pass (detect dead branches in mux trees).
Running muxtree optimizer on module \FIFO..
  Creating internal representation of mux trees.
  Evaluating internal representation of mux trees.
  Analyzing evaluation results.
Removed 0 multiplexer ports.
<suppressed ~2 debug messages>

37.4. Executing OPT_REDUCE pass (consolidate $*mux and $reduce_* inputs).
  Optimizing cells in module \FIFO.
Performed a total of 0 changes.

37.5. Executing OPT_MERGE pass (detect identical cells).
Finding identical cells in module `\FIFO'.
Removed a total of 0 cells.

37.6. Executing OPT_SHARE pass.
    Found cells that share an operand and can be merged by moving the $mux $procmux$29 in front of them:
        $auto$alumacc.cc:485:replace_alu$396
        $auto$alumacc.cc:485:replace_alu$393

37.7. Executing OPT_DFF pass (perform DFF optimizations).

37.8. Executing OPT_CLEAN pass (remove unused cells and wires).
Finding unused cells or wires in module \FIFO..
Removed 0 unused cells and 6 unused wires.
<suppressed ~1 debug messages>

37.9. Executing OPT_EXPR pass (perform const folding).
Optimizing module FIFO.
<suppressed ~2 debug messages>

37.10. Rerunning OPT passes. (Maybe there is more to do..)

37.11. Executing OPT_MUXTREE pass (detect dead branches in mux trees).
Running muxtree optimizer on module \FIFO..
  Creating internal representation of mux trees.
  Evaluating internal representation of mux trees.
  Analyzing evaluation results.
Removed 0 multiplexer ports.
<suppressed ~2 debug messages>

37.12. Executing OPT_REDUCE pass (consolidate $*mux and $reduce_* inputs).
  Optimizing cells in module \FIFO.
    Consolidated identical input bits for $mux cell $auto$opt_share.cc:244:merge_operators$402:
      Old ports: A=5'11111, B=5'00001, Y=$auto$rtlil.cc:2573:Mux$403
      New ports: A=1'1, B=1'0, Y=$auto$rtlil.cc:2573:Mux$403 [1]
      New connections: { $auto$rtlil.cc:2573:Mux$403 [4:2] $auto$rtlil.cc:2573:Mux$403 [0] } = { $auto$rtlil.cc:2573:Mux$403 [1] $auto$rtlil.cc:2573:Mux$403 [1] $auto$rtlil.cc:2573:Mux$403 [1] 1'1 }
  Optimizing cells in module \FIFO.
Performed a total of 1 changes.

37.13. Executing OPT_MERGE pass (detect identical cells).
Finding identical cells in module `\FIFO'.
Removed a total of 0 cells.

37.14. Executing OPT_SHARE pass.

37.15. Executing OPT_DFF pass (perform DFF optimizations).

37.16. Executing OPT_CLEAN pass (remove unused cells and wires).
Finding unused cells or wires in module \FIFO..
Removed 0 unused cells and 2 unused wires.
<suppressed ~1 debug messages>

37.17. Executing OPT_EXPR pass (perform const folding).
Optimizing module FIFO.
<suppressed ~1 debug messages>

37.18. Rerunning OPT passes. (Maybe there is more to do..)

37.19. Executing OPT_MUXTREE pass (detect dead branches in mux trees).
Running muxtree optimizer on module \FIFO..
  Creating internal representation of mux trees.
  Evaluating internal representation of mux trees.
  Analyzing evaluation results.
Removed 0 multiplexer ports.
<suppressed ~1 debug messages>

37.20. Executing OPT_REDUCE pass (consolidate $*mux and $reduce_* inputs).
  Optimizing cells in module \FIFO.
Performed a total of 0 changes.

37.21. Executing OPT_MERGE pass (detect identical cells).
Finding identical cells in module `\FIFO'.
Removed a total of 0 cells.

37.22. Executing OPT_SHARE pass.

37.23. Executing OPT_DFF pass (perform DFF optimizations).

37.24. Executing OPT_CLEAN pass (remove unused cells and wires).
Finding unused cells or wires in module \FIFO..

37.25. Executing OPT_EXPR pass (perform const folding).
Optimizing module FIFO.

37.26. Finished OPT passes. (There is nothing left to do.)

38. Executing TECHMAP pass (map to technology primitives).

38.1. Executing Verilog-2005 frontend: /nix/store/sx2v0i73mn1ih2z1nk61pm9n5gjgpidy-yosys/bin/../share/yosys/techmap.v
Parsing Verilog input from `/nix/store/sx2v0i73mn1ih2z1nk61pm9n5gjgpidy-yosys/bin/../share/yosys/techmap.v' to AST representation.
Generating RTLIL representation for module `\_90_simplemap_bool_ops'.
Generating RTLIL representation for module `\_90_simplemap_reduce_ops'.
Generating RTLIL representation for module `\_90_simplemap_logic_ops'.
Generating RTLIL representation for module `\_90_simplemap_compare_ops'.
Generating RTLIL representation for module `\_90_simplemap_various'.
Generating RTLIL representation for module `\_90_simplemap_registers'.
Generating RTLIL representation for module `\_90_shift_ops_shr_shl_sshl_sshr'.
Generating RTLIL representation for module `\_90_shift_shiftx'.
Generating RTLIL representation for module `\_90_fa'.
Generating RTLIL representation for module `\_90_lcu'.
Generating RTLIL representation for module `\_90_alu'.
Generating RTLIL representation for module `\_90_macc'.
Generating RTLIL representation for module `\_90_alumacc'.
Generating RTLIL representation for module `\$__div_mod_u'.
Generating RTLIL representation for module `\$__div_mod_trunc'.
Generating RTLIL representation for module `\_90_div'.
Generating RTLIL representation for module `\_90_mod'.
Generating RTLIL representation for module `\$__div_mod_floor'.
Generating RTLIL representation for module `\_90_divfloor'.
Generating RTLIL representation for module `\_90_modfloor'.
Generating RTLIL representation for module `\_90_pow'.
Generating RTLIL representation for module `\_90_pmux'.
Generating RTLIL representation for module `\_90_demux'.
Generating RTLIL representation for module `\_90_lut'.
Successfully finished Verilog frontend.

38.2. Continuing TECHMAP pass.
Using extmapper simplemap for cells of type $logic_not.
Using extmapper simplemap for cells of type $logic_and.
Using extmapper simplemap for cells of type $eq.
Using template $paramod$32a7b7b86c07519b7537abc18e96f0331f97914d\_90_alu for cells of type $alu.
Using template $paramod$b18e16801adf491a64caa0542270798e5d4ac6b6\_90_alu for cells of type $alu.
Using extmapper simplemap for cells of type $not.
Using extmapper simplemap for cells of type $dffe.
Using template $paramod$75a16668b548c3bac59647e2f0c7dad55b2b94b9\_90_pmux for cells of type $pmux.
Using extmapper simplemap for cells of type $reduce_bool.
Using extmapper simplemap for cells of type $reduce_and.
Using extmapper simplemap for cells of type $adffe.
Using extmapper simplemap for cells of type $xor.
Using extmapper simplemap for cells of type $and.
Using template $paramod\_90_lcu\WIDTH=32'00000000000000000000000000000100 for cells of type $lcu.
Using extmapper simplemap for cells of type $pos.
Using extmapper simplemap for cells of type $mux.
Using template $paramod\_90_lcu\WIDTH=32'00000000000000000000000000000101 for cells of type $lcu.
Using extmapper simplemap for cells of type $reduce_or.
Using extmapper simplemap for cells of type $or.
No more expansions possible.
<suppressed ~508 debug messages>

39. Executing OPT pass (performing simple optimizations).

39.1. Executing OPT_EXPR pass (perform const folding).
Optimizing module FIFO.
<suppressed ~186 debug messages>

39.2. Executing OPT_MERGE pass (detect identical cells).
Finding identical cells in module `\FIFO'.
<suppressed ~402 debug messages>
Removed a total of 134 cells.

39.3. Executing OPT_DFF pass (perform DFF optimizations).

39.4. Executing OPT_CLEAN pass (remove unused cells and wires).
Finding unused cells or wires in module \FIFO..
Removed 7 unused cells and 331 unused wires.
<suppressed ~8 debug messages>

39.5. Finished fast OPT passes.

40. Executing ABC pass (technology mapping using ABC).

40.1. Extracting gate netlist of module `\FIFO' to `<abc-temp-dir>/input.blif'..
Extracted 405 gates and 549 wires to a netlist network with 144 inputs and 42 outputs.

40.1.1. Executing ABC.
Running ABC command: "/nix/store/wq2q0njg3sx8wvj2akz7x1qxwyrv9xlr-yosys-abc/bin/abc" -s -f <abc-temp-dir>/abc.script 2>&1
ABC: ABC command line: "source <abc-temp-dir>/abc.script".
ABC: 
ABC: + read_blif <abc-temp-dir>/input.blif 
ABC: + read_library <abc-temp-dir>/stdcells.genlib 
ABC: Entered genlib library with 13 gates from file "<abc-temp-dir>/stdcells.genlib".
ABC: + strash 
ABC: + dretime 
ABC: + map 
ABC: + write_blif <abc-temp-dir>/output.blif 

40.1.2. Re-integrating ABC results.
ABC RESULTS:               NOT cells:        4
ABC RESULTS:               MUX cells:        8
ABC RESULTS:             ORNOT cells:       14
ABC RESULTS:              XNOR cells:        5
ABC RESULTS:               NOR cells:        1
ABC RESULTS:                OR cells:      148
ABC RESULTS:            ANDNOT cells:      152
ABC RESULTS:              NAND cells:       10
ABC RESULTS:               AND cells:        3
ABC RESULTS:               XOR cells:        8
ABC RESULTS:        internal signals:      363
ABC RESULTS:           input signals:      144
ABC RESULTS:          output signals:       42
Removing temp directory.

41. Executing OPT pass (performing simple optimizations).

41.1. Executing OPT_EXPR pass (perform const folding).
Optimizing module FIFO.

41.2. Executing OPT_MERGE pass (detect identical cells).
Finding identical cells in module `\FIFO'.
<suppressed ~3 debug messages>
Removed a total of 1 cells.

41.3. Executing OPT_DFF pass (perform DFF optimizations).

41.4. Executing OPT_CLEAN pass (remove unused cells and wires).
Finding unused cells or wires in module \FIFO..
Removed 0 unused cells and 307 unused wires.
<suppressed ~1 debug messages>

41.5. Finished fast OPT passes.

42. Executing HIERARCHY pass (managing design hierarchy).

42.1. Analyzing design hierarchy..
Top module:  \FIFO

42.2. Analyzing design hierarchy..
Top module:  \FIFO
Removed 0 unused modules.

43. Printing statistics.

=== FIFO ===

   Number of wires:                362
   Number of wire bits:            521
   Number of public wires:          29
   Number of public wire bits:     165
   Number of memories:               0
   Number of memory bits:            0
   Number of processes:              0
   Number of cells:                501
     $_ANDNOT_                     152
     $_AND_                          3
     $_DFFE_PN0P_                   21
     $_DFFE_PP_                    128
     $_MUX_                          8
     $_NAND_                         9
     $_NOR_                          1
     $_NOT_                          4
     $_ORNOT_                       14
     $_OR_                         148
     $_XNOR_                         5
     $_XOR_                          8

44. Executing CHECK pass (checking for obvious problems).
Checking module FIFO...
Found and reported 0 problems.

45. Generating Graphviz representation of design.
Writing dot description to `/work/designs/fifo/runs/fifo_run1/tmp/synthesis/post_techmap.dot'.
Dumping module FIFO to page 1.

46. Executing SHARE pass (SAT-based resource sharing).

47. Executing OPT pass (performing simple optimizations).

47.1. Executing OPT_EXPR pass (perform const folding).
Optimizing module FIFO.

47.2. Executing OPT_MERGE pass (detect identical cells).
Finding identical cells in module `\FIFO'.
Removed a total of 0 cells.

47.3. Executing OPT_MUXTREE pass (detect dead branches in mux trees).
Running muxtree optimizer on module \FIFO..
  Creating internal representation of mux trees.
  No muxes found in this module.
Removed 0 multiplexer ports.

47.4. Executing OPT_REDUCE pass (consolidate $*mux and $reduce_* inputs).
  Optimizing cells in module \FIFO.
Performed a total of 0 changes.

47.5. Executing OPT_MERGE pass (detect identical cells).
Finding identical cells in module `\FIFO'.
Removed a total of 0 cells.

47.6. Executing OPT_DFF pass (perform DFF optimizations).

47.7. Executing OPT_CLEAN pass (remove unused cells and wires).
Finding unused cells or wires in module \FIFO..

47.8. Executing OPT_EXPR pass (perform const folding).
Optimizing module FIFO.

47.9. Finished OPT passes. (There is nothing left to do.)

48. Executing OPT_CLEAN pass (remove unused cells and wires).
Finding unused cells or wires in module \FIFO..

49. Printing statistics.

=== FIFO ===

   Number of wires:                362
   Number of wire bits:            521
   Number of public wires:          29
   Number of public wire bits:     165
   Number of memories:               0
   Number of memory bits:            0
   Number of processes:              0
   Number of cells:                501
     $_ANDNOT_                     152
     $_AND_                          3
     $_DFFE_PN0P_                   21
     $_DFFE_PP_                    128
     $_MUX_                          8
     $_NAND_                         9
     $_NOR_                          1
     $_NOT_                          4
     $_ORNOT_                       14
     $_OR_                         148
     $_XNOR_                         5
     $_XOR_                          8

mapping tbuf

50. Executing TECHMAP pass (map to technology primitives).

50.1. Executing Verilog-2005 frontend: /root/.volare/volare/sky130/versions/bdc9412b3e468c102d01b7cf6337be06ec6e9c9a/sky130A/libs.tech/openlane/sky130_fd_sc_hd/tribuff_map.v
Parsing Verilog input from `/root/.volare/volare/sky130/versions/bdc9412b3e468c102d01b7cf6337be06ec6e9c9a/sky130A/libs.tech/openlane/sky130_fd_sc_hd/tribuff_map.v' to AST representation.
Generating RTLIL representation for module `\$_TBUF_'.
Successfully finished Verilog frontend.

50.2. Continuing TECHMAP pass.
No more expansions possible.
<suppressed ~3 debug messages>

51. Executing SIMPLEMAP pass (map simple cells to gate primitives).

52. Executing TECHMAP pass (map to technology primitives).

52.1. Executing Verilog-2005 frontend: /root/.volare/volare/sky130/versions/bdc9412b3e468c102d01b7cf6337be06ec6e9c9a/sky130A/libs.tech/openlane/sky130_fd_sc_hd/latch_map.v
Parsing Verilog input from `/root/.volare/volare/sky130/versions/bdc9412b3e468c102d01b7cf6337be06ec6e9c9a/sky130A/libs.tech/openlane/sky130_fd_sc_hd/latch_map.v' to AST representation.
Generating RTLIL representation for module `\$_DLATCH_P_'.
Generating RTLIL representation for module `\$_DLATCH_N_'.
Successfully finished Verilog frontend.

52.2. Continuing TECHMAP pass.
No more expansions possible.
<suppressed ~4 debug messages>

53. Executing SIMPLEMAP pass (map simple cells to gate primitives).

54. Executing DFFLIBMAP pass (mapping DFF cells to sequential cells from liberty file).
  cell sky130_fd_sc_hd__dfxtp_2 (noninv, pins=3, area=21.27) is a direct match for cell type $_DFF_P_.
  cell sky130_fd_sc_hd__dfrtp_2 (noninv, pins=4, area=26.28) is a direct match for cell type $_DFF_PN0_.
  cell sky130_fd_sc_hd__dfstp_2 (noninv, pins=4, area=26.28) is a direct match for cell type $_DFF_PN1_.
  cell sky130_fd_sc_hd__dfbbn_2 (noninv, pins=6, area=35.03) is a direct match for cell type $_DFFSR_NNN_.
  final dff cell mappings:
    unmapped dff cell: $_DFF_N_
    \sky130_fd_sc_hd__dfxtp_2 _DFF_P_ (.CLK( C), .D( D), .Q( Q));
    unmapped dff cell: $_DFF_NN0_
    unmapped dff cell: $_DFF_NN1_
    unmapped dff cell: $_DFF_NP0_
    unmapped dff cell: $_DFF_NP1_
    \sky130_fd_sc_hd__dfrtp_2 _DFF_PN0_ (.CLK( C), .D( D), .Q( Q), .RESET_B( R));
    \sky130_fd_sc_hd__dfstp_2 _DFF_PN1_ (.CLK( C), .D( D), .Q( Q), .SET_B( R));
    unmapped dff cell: $_DFF_PP0_
    unmapped dff cell: $_DFF_PP1_
    \sky130_fd_sc_hd__dfbbn_2 _DFFSR_NNN_ (.CLK_N( C), .D( D), .Q( Q), .Q_N(~Q), .RESET_B( R), .SET_B( S));
    unmapped dff cell: $_DFFSR_NNP_
    unmapped dff cell: $_DFFSR_NPN_
    unmapped dff cell: $_DFFSR_NPP_
    unmapped dff cell: $_DFFSR_PNN_
    unmapped dff cell: $_DFFSR_PNP_
    unmapped dff cell: $_DFFSR_PPN_
    unmapped dff cell: $_DFFSR_PPP_

54.1. Executing DFFLEGALIZE pass (convert FFs to types supported by the target).
Mapping DFF cells in module `\FIFO':
  mapped 21 $_DFF_PN0_ cells to \sky130_fd_sc_hd__dfrtp_2 cells.
  mapped 128 $_DFF_P_ cells to \sky130_fd_sc_hd__dfxtp_2 cells.

55. Printing statistics.

=== FIFO ===

   Number of wires:                511
   Number of wire bits:            670
   Number of public wires:          29
   Number of public wire bits:     165
   Number of memories:               0
   Number of memory bits:            0
   Number of processes:              0
   Number of cells:                650
     $_ANDNOT_                     152
     $_AND_                          3
     $_MUX_                        157
     $_NAND_                         9
     $_NOR_                          1
     $_NOT_                          4
     $_ORNOT_                       14
     $_OR_                         148
     $_XNOR_                         5
     $_XOR_                          8
     sky130_fd_sc_hd__dfrtp_2       21
     sky130_fd_sc_hd__dfxtp_2      128

[INFO]: USING STRATEGY AREA 0

56. Executing ABC pass (technology mapping using ABC).

56.1. Extracting gate netlist of module `\FIFO' to `/tmp/yosys-abc-icT1Lo/input.blif'..
Extracted 501 gates and 661 wires to a netlist network with 160 inputs and 151 outputs.

56.1.1. Executing ABC.
Running ABC command: "/nix/store/wq2q0njg3sx8wvj2akz7x1qxwyrv9xlr-yosys-abc/bin/abc" -s -f /tmp/yosys-abc-icT1Lo/abc.script 2>&1
ABC: ABC command line: "source /tmp/yosys-abc-icT1Lo/abc.script".
ABC: 
ABC: + read_blif /tmp/yosys-abc-icT1Lo/input.blif 
ABC: + read_lib -w /work/designs/fifo/runs/fifo_run1/tmp/synthesis/trimmed.lib 
ABC: Parsing finished successfully.  Parsing time =     0.11 sec
ABC: Scl_LibertyReadGenlib() skipped sequential cell "sky130_fd_sc_hd__dfbbn_2".
ABC: Scl_LibertyReadGenlib() skipped sequential cell "sky130_fd_sc_hd__dfrbp_2".
ABC: Scl_LibertyReadGenlib() skipped sequential cell "sky130_fd_sc_hd__dfrtp_2".
ABC: Scl_LibertyReadGenlib() skipped sequential cell "sky130_fd_sc_hd__dfrtp_4".
ABC: Scl_LibertyReadGenlib() skipped sequential cell "sky130_fd_sc_hd__dfsbp_2".
ABC: Scl_LibertyReadGenlib() skipped sequential cell "sky130_fd_sc_hd__dfstp_2".
ABC: Scl_LibertyReadGenlib() skipped sequential cell "sky130_fd_sc_hd__dfstp_4".
ABC: Scl_LibertyReadGenlib() skipped sequential cell "sky130_fd_sc_hd__dfxbp_2".
ABC: Scl_LibertyReadGenlib() skipped sequential cell "sky130_fd_sc_hd__dfxtp_2".
ABC: Scl_LibertyReadGenlib() skipped sequential cell "sky130_fd_sc_hd__dfxtp_4".
ABC: Scl_LibertyReadGenlib() skipped sequential cell "sky130_fd_sc_hd__dlxtn_1".
ABC: Scl_LibertyReadGenlib() skipped sequential cell "sky130_fd_sc_hd__dlxtn_2".
ABC: Scl_LibertyReadGenlib() skipped sequential cell "sky130_fd_sc_hd__dlxtn_4".
ABC: Scl_LibertyReadGenlib() skipped sequential cell "sky130_fd_sc_hd__dlxtp_1".
ABC: Scl_LibertyReadGenlib() skipped three-state cell "sky130_fd_sc_hd__ebufn_2".
ABC: Scl_LibertyReadGenlib() skipped three-state cell "sky130_fd_sc_hd__ebufn_4".
ABC: Scl_LibertyReadGenlib() skipped three-state cell "sky130_fd_sc_hd__ebufn_8".
ABC: Library "sky130A_merged" from "/work/designs/fifo/runs/fifo_run1/tmp/synthesis/trimmed.lib" has 175 cells (17 skipped: 14 seq; 3 tri-state; 0 no func; 0 dont_use).  Time =     0.13 sec
ABC: Memory =    9.54 MB. Time =     0.13 sec
ABC: Warning: Detected 2 multi-output gates (for example, "sky130_fd_sc_hd__fa_1").
ABC: + read_constr -v /work/designs/fifo/runs/fifo_run1/tmp/synthesis/synthesis.sdc 
ABC: Setting driving cell to be "sky130_fd_sc_hd__inv_2".
ABC: Setting output load to be 33.442001.
ABC: + read_constr /work/designs/fifo/runs/fifo_run1/tmp/synthesis/synthesis.sdc 
ABC: + fx 
ABC: + mfs 
ABC: + strash 
ABC: + drf -l 
ABC: + balance 
ABC: + drw -l 
ABC: + drf -l 
ABC: + balance 
ABC: + drw -l 
ABC: + drw -l -z 
ABC: + balance 
ABC: + drf -l -z 
ABC: + drw -l -z 
ABC: + balance 
ABC: + retime -D -D 10000 -M 5 
ABC: + scleanup 
ABC: Error: The network is combinational.
ABC: + fraig_store 
ABC: + balance 
ABC: + fraig_store 
ABC: + balance 
ABC: + drw -l 
ABC: + drf -l 
ABC: + balance 
ABC: + drw -l 
ABC: + drw -l -z 
ABC: + balance 
ABC: + drf -l -z 
ABC: + drw -l -z 
ABC: + balance 
ABC: + fraig_store 
ABC: + balance 
ABC: + drw -l 
ABC: + drf -l 
ABC: + balance 
ABC: + drw -l 
ABC: + drw -l -z 
ABC: + balance 
ABC: + drf -l -z 
ABC: + drw -l -z 
ABC: + balance 
ABC: + fraig_store 
ABC: + balance 
ABC: + drw -l 
ABC: + drf -l 
ABC: + balance 
ABC: + drw -l 
ABC: + drw -l -z 
ABC: + balance 
ABC: + drf -l -z 
ABC: + drw -l -z 
ABC: + balance 
ABC: + fraig_store 
ABC: + fraig_restore 
ABC: + amap -m -Q 0.1 -F 20 -A 20 -C 5000 
ABC: + retime -D -D 10000 
ABC: + &get -n 
ABC: + &st 
ABC: + &dch 
ABC: + &nf 
ABC: + &put 
ABC: + buffer -N 10 -S 750.0 
ABC: + upsize -D 10000 
ABC: Current delay (2417.72 ps) does not exceed the target delay (10000.00 ps). Upsizing is not performed.
ABC: + dnsize -D 10000 
ABC: + stime -p 
ABC: WireLoad = "none"  Gates =    454 ( 33.5 %)   Cap = 12.9 ff (  8.4 %)   Area =     3773.62 ( 66.3 %)   Delay =  2511.83 ps  (  7.7 %)               
ABC: Path  0 --       3 : 0    4 pi                       A =   0.00  Df =  73.8  -40.4 ps  S = 109.4 ps  Cin =  0.0 ff  Cout =  22.7 ff  Cmax =   0.0 ff  G =    0  
ABC: Path  1 --     312 : 4    1 sky130_fd_sc_hd__or4_2   A =   8.76  Df = 659.4 -460.8 ps  S =  94.4 ps  Cin =  1.5 ff  Cout =   2.2 ff  Cmax = 310.4 ff  G =  140  
ABC: Path  2 --     313 : 1    6 sky130_fd_sc_hd__buf_1   A =   3.75  Df = 848.2 -407.1 ps  S = 288.6 ps  Cin =  2.1 ff  Cout =  24.0 ff  Cmax = 130.0 ff  G = 1071  
ABC: Path  3 --     435 : 3    5 sky130_fd_sc_hd__o21a_2  A =   8.76  Df =1108.5 -445.7 ps  S = 106.3 ps  Cin =  2.4 ff  Cout =  18.1 ff  Cmax = 294.8 ff  G =  721  
ABC: Path  4 --     450 : 2    6 sky130_fd_sc_hd__nor2_2  A =   6.26  Df =1393.0  -26.2 ps  S = 343.1 ps  Cin =  4.4 ff  Cout =  30.4 ff  Cmax = 141.9 ff  G =  658  
ABC: Path  5 --     460 : 2    3 sky130_fd_sc_hd__xor2_2  A =  16.27  Df =1702.0 -138.2 ps  S = 218.0 ps  Cin =  8.6 ff  Cout =  14.3 ff  Cmax = 130.0 ff  G =  159  
ABC: Path  6 --     472 : 4    1 sky130_fd_sc_hd__a31o_2  A =   8.76  Df =1913.5  -84.7 ps  S =  71.7 ps  Cin =  2.4 ff  Cout =   9.0 ff  Cmax = 271.9 ff  G =  368  
ABC: Path  7 --     475 : 2    1 sky130_fd_sc_hd__xnor2_2 A =  16.27  Df =2043.3  -87.4 ps  S =  88.8 ps  Cin =  8.5 ff  Cout =   1.8 ff  Cmax = 121.8 ff  G =   20  
ABC: Path  8 --     476 : 3    1 sky130_fd_sc_hd__mux2_2  A =  11.26  Df =2293.0 -192.5 ps  S =  45.5 ps  Cin =  2.3 ff  Cout =   2.2 ff  Cmax = 297.6 ff  G =   92  
ABC: Path  9 --     477 : 1    1 sky130_fd_sc_hd__buf_1   A =   3.75  Df =2511.8  -91.3 ps  S = 396.3 ps  Cin =  2.1 ff  Cout =  33.4 ff  Cmax = 130.0 ff  G = 1590  
ABC: Start-point = pi2 (\count [0]).  End-point = po22 ($auto$rtlil.cc:2684:MuxGate$2202).
ABC: + print_stats -m 
ABC: netlist                       : i/o =  160/  151  lat =    0  nd =   454  edge =   1147  area =3773.14  delay = 9.00  lev = 9
ABC: + write_blif /tmp/yosys-abc-icT1Lo/output.blif 

56.1.2. Re-integrating ABC results.
ABC RESULTS:   sky130_fd_sc_hd__and4_2 cells:        1
ABC RESULTS:   sky130_fd_sc_hd__and4bb_2 cells:        6
ABC RESULTS:   sky130_fd_sc_hd__nor4b_2 cells:        4
ABC RESULTS:   sky130_fd_sc_hd__nor4_2 cells:        1
ABC RESULTS:   sky130_fd_sc_hd__or4_2 cells:        3
ABC RESULTS:   sky130_fd_sc_hd__a221o_2 cells:       24
ABC RESULTS:   sky130_fd_sc_hd__a22o_2 cells:       33
ABC RESULTS:   sky130_fd_sc_hd__a211o_2 cells:        8
ABC RESULTS:   sky130_fd_sc_hd__or3_2 cells:        7
ABC RESULTS:   sky130_fd_sc_hd__o221a_2 cells:        7
ABC RESULTS:   sky130_fd_sc_hd__o21ai_2 cells:        2
ABC RESULTS:   sky130_fd_sc_hd__and2_2 cells:        1
ABC RESULTS:   sky130_fd_sc_hd__inv_2 cells:        2
ABC RESULTS:   sky130_fd_sc_hd__a21oi_2 cells:        1
ABC RESULTS:   sky130_fd_sc_hd__a21boi_2 cells:        1
ABC RESULTS:   sky130_fd_sc_hd__nand2_2 cells:        3
ABC RESULTS:   sky130_fd_sc_hd__and3_2 cells:        2
ABC RESULTS:   sky130_fd_sc_hd__a21o_2 cells:       11
ABC RESULTS:   sky130_fd_sc_hd__a32o_2 cells:        1
ABC RESULTS:   sky130_fd_sc_hd__xor2_2 cells:        7
ABC RESULTS:   sky130_fd_sc_hd__o21a_2 cells:        4
ABC RESULTS:   sky130_fd_sc_hd__a31o_2 cells:        2
ABC RESULTS:   sky130_fd_sc_hd__xnor2_2 cells:        5
ABC RESULTS:   sky130_fd_sc_hd__and4b_2 cells:        5
ABC RESULTS:   sky130_fd_sc_hd__or3b_2 cells:        1
ABC RESULTS:   sky130_fd_sc_hd__nand3b_2 cells:        2
ABC RESULTS:   sky130_fd_sc_hd__nand2b_2 cells:        1
ABC RESULTS:   sky130_fd_sc_hd__or2_2 cells:        3
ABC RESULTS:   sky130_fd_sc_hd__or4b_2 cells:        1
ABC RESULTS:   sky130_fd_sc_hd__or2b_2 cells:        2
ABC RESULTS:   sky130_fd_sc_hd__nand4_2 cells:        2
ABC RESULTS:   sky130_fd_sc_hd__nor2_2 cells:       19
ABC RESULTS:   sky130_fd_sc_hd__mux2_2 cells:      132
ABC RESULTS:   sky130_fd_sc_hd__buf_1 cells:      150
ABC RESULTS:        internal signals:      350
ABC RESULTS:           input signals:      160
ABC RESULTS:          output signals:      151
Removing temp directory.

57. Executing SETUNDEF pass (replace undef values with defined constants).

58. Executing HILOMAP pass (mapping to constant drivers).

59. Executing SPLITNETS pass (splitting up multi-bit signals).

60. Executing OPT_CLEAN pass (remove unused cells and wires).
Finding unused cells or wires in module \FIFO..
Removed 0 unused cells and 669 unused wires.
<suppressed ~3 debug messages>

61. Executing INSBUF pass (insert buffer cells for connected wires).

62. Executing CHECK pass (checking for obvious problems).
Checking module FIFO...
Found and reported 0 problems.

63. Printing statistics.

=== FIFO ===

   Number of wires:                601
   Number of wire bits:            615
   Number of public wires:         149
   Number of public wire bits:     163
   Number of memories:               0
   Number of memory bits:            0
   Number of processes:              0
   Number of cells:                603
     sky130_fd_sc_hd__a211o_2        8
     sky130_fd_sc_hd__a21boi_2       1
     sky130_fd_sc_hd__a21o_2        11
     sky130_fd_sc_hd__a21oi_2        1
     sky130_fd_sc_hd__a221o_2       24
     sky130_fd_sc_hd__a22o_2        33
     sky130_fd_sc_hd__a31o_2         2
     sky130_fd_sc_hd__a32o_2         1
     sky130_fd_sc_hd__and2_2         1
     sky130_fd_sc_hd__and3_2         2
     sky130_fd_sc_hd__and4_2         1
     sky130_fd_sc_hd__and4b_2        5
     sky130_fd_sc_hd__and4bb_2       6
     sky130_fd_sc_hd__buf_1        150
     sky130_fd_sc_hd__dfrtp_2       21
     sky130_fd_sc_hd__dfxtp_2      128
     sky130_fd_sc_hd__inv_2          2
     sky130_fd_sc_hd__mux2_2       132
     sky130_fd_sc_hd__nand2_2        3
     sky130_fd_sc_hd__nand2b_2       1
     sky130_fd_sc_hd__nand3b_2       2
     sky130_fd_sc_hd__nand4_2        2
     sky130_fd_sc_hd__nor2_2        19
     sky130_fd_sc_hd__nor4_2         1
     sky130_fd_sc_hd__nor4b_2        4
     sky130_fd_sc_hd__o21a_2         4
     sky130_fd_sc_hd__o21ai_2        2
     sky130_fd_sc_hd__o221a_2        7
     sky130_fd_sc_hd__or2_2          3
     sky130_fd_sc_hd__or2b_2         2
     sky130_fd_sc_hd__or3_2          7
     sky130_fd_sc_hd__or3b_2         1
     sky130_fd_sc_hd__or4_2          3
     sky130_fd_sc_hd__or4b_2         1
     sky130_fd_sc_hd__xnor2_2        5
     sky130_fd_sc_hd__xor2_2         7

   Chip area for module '\FIFO': 7048.009600

64. Executing Verilog backend.
Dumping module `\FIFO'.

65. Executing JSON backend.

Warnings: 1 unique messages, 1 total
End of script. Logfile hash: 7d46bb85ba, CPU: user 0.95s system 0.10s, MEM: 42.33 MB peak
Yosys 0.38 (git sha1 543faed9c8c, clang++ 17.0.6 -fPIC -Os)
Time spent: 41% 2x abc (0 sec), 20% 2x read_liberty (0 sec), ...
